<html>
<head>
<title>TestNG:  Default test</title>
<link href="../testng.css" rel="stylesheet" type="text/css" />
<link href="../my-testng.css" rel="stylesheet" type="text/css" />

<style type="text/css">
.log { display: none;} 
.stack-trace { display: none;} 
</style>
<script type="text/javascript">
<!--
function flip(e) {
  current = e.style.display;
  if (current == 'block') {
    e.style.display = 'none';
    return 0;
  }
  else {
    e.style.display = 'block';
    return 1;
  }
}

function toggleBox(szDivId, elem, msg1, msg2)
{
  var res = -1;  if (document.getElementById) {
    res = flip(document.getElementById(szDivId));
  }
  else if (document.all) {
    // this is the way old msie versions work
    res = flip(document.all[szDivId]);
  }
  if(elem) {
    if(res == 0) elem.innerHTML = msg1; else elem.innerHTML = msg2;
  }

}

function toggleAllBoxes() {
  if (document.getElementsByTagName) {
    d = document.getElementsByTagName('div');
    for (i = 0; i < d.length; i++) {
      if (d[i].className == 'log') {
        flip(d[i]);
      }
    }
  }
}

// -->
</script>

</head>
<body>
<h2 align='center'>Default test</h2><table border='1' align="center">
<tr>
<td>Tests passed/Failed/Skipped:</td><td>0/1/0</td>
</tr><tr>
<td>Started on:</td><td>Thu Dec 28 10:39:10 IST 2023</td>
</tr>
<tr><td>Total time:</td><td>167 seconds (167275 ms)</td>
</tr><tr>
<td>Included groups:</td><td></td>
</tr><tr>
<td>Excluded groups:</td><td></td>
</tr>
</table><p/>
<small><i>(Hover the method name to see the test class name)</i></small><p/>
<table width='100%' border='1' class='invocation-failed'>
<tr><td colspan='4' align='center'><b>FAILED TESTS</b></td></tr>
<tr><td><b>Test method</b></td>
<td width="30%"><b>Exception</b></td>
<td width="10%"><b>Time (seconds)</b></td>
<td><b>Instance</b></td>
</tr>
<tr>
<td title='com.buildpiper.testcases.BuildPiperTestcasesExecution.buildPipelineandValidate()'><b>buildPipelineandValidate</b><br>Test class: com.buildpiper.testcases.BuildPiperTestcasesExecution<br/>
<a href="#Output-1564170442" onClick='toggleBox("Output-1564170442", this, "Show output", "Hide output");'>Show output</a>

<a href="#Output-1564170442" onClick="toggleAllBoxes();">Show all outputs</a>
<div class='log' id="Output-1564170442">
Element :[[ChromeDriver: chrome on WINDOWS (48ebf37f4b7638a702fc772d3c2417fe)] -> xpath: //div[@aria-controls='simple-menu']//div//div[2]//p]is displayed on screen<br/>
Clicking on element userMenuAppBar<br/>
<img src=D:\BuildPiper3.2_Rahul\Reports\28Dec_103911\buildPipelineandValidate_chrome\buildPipelineandValidate_chrome_362_Dec_103925.jpg alt='Lamp' width='500' height='400'><br/>
Element :[[ChromeDriver: chrome on WINDOWS (48ebf37f4b7638a702fc772d3c2417fe)] -> xpath: //p[@class='inactive-portal cursor-pointer']]is displayed on screen<br/>
Clicking on element switching to user account<br/>
<img src=D:\BuildPiper3.2_Rahul\Reports\28Dec_103911\buildPipelineandValidate_chrome\buildPipelineandValidate_chrome_362_Dec_103925.jpg alt='Lamp' width='500' height='400'><br/>
Element :[[ChromeDriver: chrome on WINDOWS (48ebf37f4b7638a702fc772d3c2417fe)] -> xpath: //li//button[contains(@class,'app-cluster-button')]//span[@title]]is displayed on screen<br/>
Element is present :[[ChromeDriver: chrome on WINDOWS (48ebf37f4b7638a702fc772d3c2417fe)] -> xpath: //li//button[contains(@class,'app-cluster-button')]//span[@title]]<br/>
<img src=D:\BuildPiper3.2_Rahul\Reports\28Dec_103911\buildPipelineandValidate_chrome\buildPipelineandValidate_chrome_362_Dec_103930.jpg alt='Lamp' width='500' height='400'><br/>
Element :[[ChromeDriver: chrome on WINDOWS (48ebf37f4b7638a702fc772d3c2417fe)] -> xpath: //button//div//span[@class='flaticon-expand-arrow']/../../..//div//button//p[text()='Pipeline Overview']]is displayed on screen<br/>
Clicking on element Poc_QA pipelineOverviewLink<br/>
<img src=D:\BuildPiper3.2_Rahul\Reports\28Dec_103911\buildPipelineandValidate_chrome\buildPipelineandValidate_chrome_362_Dec_103931.jpg alt='Lamp' width='500' height='400'><br/>
Element :[[ChromeDriver: chrome on WINDOWS (48ebf37f4b7638a702fc772d3c2417fe)] -> xpath: //a[contains(text(),'Add Pipeline')]]is displayed on screen<br/>
 Element :Proxy element for: DefaultElementLocator 'By.xpath: //a[contains(text(),'Add Pipeline')]' is not clickable using selenium click<br/>
<img src=D:\BuildPiper3.2_Rahul\Reports\28Dec_103911\buildPipelineandValidate_chrome\buildPipelineandValidate_chrome_362_Dec_103932.jpg alt='Lamp' width='500' height='400'><br/>
Clicking on element clicks on add pipeline button<br/>
<img src=D:\BuildPiper3.2_Rahul\Reports\28Dec_103911\buildPipelineandValidate_chrome\buildPipelineandValidate_chrome_362_Dec_103932.jpg alt='Lamp' width='500' height='400'><br/>
Element :[[ChromeDriver: chrome on WINDOWS (48ebf37f4b7638a702fc772d3c2417fe)] -> xpath: //div//input[@name='name' and @placeholder='Give a name to the pipeline']]is displayed on screen<br/>
Setting value on element Gives unique name to pipeline<br/>
<img src=D:\BuildPiper3.2_Rahul\Reports\28Dec_103911\buildPipelineandValidate_chrome\buildPipelineandValidate_chrome_362_Dec_103934.jpg alt='Lamp' width='500' height='400'><br/>
Element :[[ChromeDriver: chrome on WINDOWS (48ebf37f4b7638a702fc772d3c2417fe)] -> xpath: //input[@name='retention_execution_count' and @placeholder='Retention Count']]is displayed on screen<br/>
Element :[[ChromeDriver: chrome on WINDOWS (48ebf37f4b7638a702fc772d3c2417fe)] -> xpath: //button[contains(@class,'btn-save btn')][text()='Save']]is displayed on screen<br/>
 Element :Proxy element for: DefaultElementLocator 'By.xpath: //button[contains(@class,'btn-save btn')][text()='Save']' is not clickable using selenium click<br/>
<img src=D:\BuildPiper3.2_Rahul\Reports\28Dec_103911\buildPipelineandValidate_chrome\buildPipelineandValidate_chrome_362_Dec_103943.jpg alt='Lamp' width='500' height='400'><br/>
Clicking on element clicks on save pipeline button<br/>
<img src=D:\BuildPiper3.2_Rahul\Reports\28Dec_103911\buildPipelineandValidate_chrome\buildPipelineandValidate_chrome_362_Dec_103943.jpg alt='Lamp' width='500' height='400'><br/>
Element :[[ChromeDriver: chrome on WINDOWS (48ebf37f4b7638a702fc772d3c2417fe)] -> xpath: //button//div//span[@class='flaticon-expand-arrow']/../../..//div//button//p[text()='Pipeline Overview']]is displayed on screen<br/>
Clicking on element Poc_QA pipelineOverviewLink<br/>
<img src=D:\BuildPiper3.2_Rahul\Reports\28Dec_103911\buildPipelineandValidate_chrome\buildPipelineandValidate_chrome_362_Dec_103948.jpg alt='Lamp' width='500' height='400'><br/>
Element :[[ChromeDriver: chrome on WINDOWS (48ebf37f4b7638a702fc772d3c2417fe)] -> xpath: (//*[contains(@class,'ad-more-search mb-')]/div/div//*[@class='MuiSvgIcon-root'])[1]]is displayed on screen<br/>
Element is present :[[ChromeDriver: chrome on WINDOWS (48ebf37f4b7638a702fc772d3c2417fe)] -> xpath: (//*[contains(@class,'ad-more-search mb-')]/div/div//*[@class='MuiSvgIcon-root'])[1]]<br/>
<img src=D:\BuildPiper3.2_Rahul\Reports\28Dec_103911\buildPipelineandValidate_chrome\buildPipelineandValidate_chrome_362_Dec_103952.jpg alt='Lamp' width='500' height='400'><br/>
Element :[[ChromeDriver: chrome on WINDOWS (48ebf37f4b7638a702fc772d3c2417fe)] -> xpath: (//*[contains(@class,'ad-more-search mb-')]/div/div//*[@class='MuiSvgIcon-root'])[1]]is displayed on screen<br/>
Clicking on element searchDropDown<br/>
<img src=D:\BuildPiper3.2_Rahul\Reports\28Dec_103911\buildPipelineandValidate_chrome\buildPipelineandValidate_chrome_362_Dec_103953.jpg alt='Lamp' width='500' height='400'><br/>
Element :[[ChromeDriver: chrome on WINDOWS (48ebf37f4b7638a702fc772d3c2417fe)] -> xpath: //input[@class='search-input-si']]is displayed on screen<br/>
Clicking on element searchPipelineCheckbox<br/>
<img src=D:\BuildPiper3.2_Rahul\Reports\28Dec_103911\buildPipelineandValidate_chrome\buildPipelineandValidate_chrome_362_Dec_104023.jpg alt='Lamp' width='500' height='400'><br/>
Element :[[ChromeDriver: chrome on WINDOWS (48ebf37f4b7638a702fc772d3c2417fe)] -> xpath: //span[@title='Edit Pipeline']/a]is displayed on screen<br/>
Clicking on element clicks on edit pipeline Link<br/>
<img src=D:\BuildPiper3.2_Rahul\Reports\28Dec_103911\buildPipelineandValidate_chrome\buildPipelineandValidate_chrome_362_Dec_104034.jpg alt='Lamp' width='500' height='400'><br/>
Element :[[ChromeDriver: chrome on WINDOWS (48ebf37f4b7638a702fc772d3c2417fe)] -> xpath: //button//div[@class='text-btn'][text()='Add New Stage']]is displayed on screen<br/>
Clicking on element adds first stage<br/>
<img src=D:\BuildPiper3.2_Rahul\Reports\28Dec_103911\buildPipelineandValidate_chrome\buildPipelineandValidate_chrome_362_Dec_104038.jpg alt='Lamp' width='500' height='400'><br/>
Element :[[ChromeDriver: chrome on WINDOWS (48ebf37f4b7638a702fc772d3c2417fe)] -> xpath: //input[@name='name' and @placeholder='Stage name goes here']]is displayed on screen<br/>
Element is present :[[ChromeDriver: chrome on WINDOWS (48ebf37f4b7638a702fc772d3c2417fe)] -> xpath: //input[@name='name' and @placeholder='Stage name goes here']]<br/>
<img src=D:\BuildPiper3.2_Rahul\Reports\28Dec_103911\buildPipelineandValidate_chrome\buildPipelineandValidate_chrome_362_Dec_104039.jpg alt='Lamp' width='500' height='400'><br/>
Element :[[ChromeDriver: chrome on WINDOWS (48ebf37f4b7638a702fc772d3c2417fe)] -> xpath: //input[@name='name' and @placeholder='Stage name goes here']]is displayed on screen<br/>
Setting value on element sets first stage name<br/>
<img src=D:\BuildPiper3.2_Rahul\Reports\28Dec_103911\buildPipelineandValidate_chrome\buildPipelineandValidate_chrome_362_Dec_104039.jpg alt='Lamp' width='500' height='400'><br/>
Element :[[ChromeDriver: chrome on WINDOWS (48ebf37f4b7638a702fc772d3c2417fe)] -> xpath: //div[@class='btn btn-add'][text()='ADD']]is displayed on screen<br/>
Clicking on element adds button for first stage<br/>
<img src=D:\BuildPiper3.2_Rahul\Reports\28Dec_103911\buildPipelineandValidate_chrome\buildPipelineandValidate_chrome_362_Dec_104044.jpg alt='Lamp' width='500' height='400'><br/>
Element :[[ChromeDriver: chrome on WINDOWS (48ebf37f4b7638a702fc772d3c2417fe)] -> xpath: //div[@class='text-btn'][text()='Add New Job ']]is displayed on screen<br/>
Element is present :[[ChromeDriver: chrome on WINDOWS (48ebf37f4b7638a702fc772d3c2417fe)] -> xpath: //div[@class='text-btn'][text()='Add New Job ']]<br/>
<img src=D:\BuildPiper3.2_Rahul\Reports\28Dec_103911\buildPipelineandValidate_chrome\buildPipelineandValidate_chrome_362_Dec_104045.jpg alt='Lamp' width='500' height='400'><br/>
Element :[[ChromeDriver: chrome on WINDOWS (48ebf37f4b7638a702fc772d3c2417fe)] -> xpath: //div[@class='text-btn'][text()='Add New Job ']]is displayed on screen<br/>
Element is present :[[ChromeDriver: chrome on WINDOWS (48ebf37f4b7638a702fc772d3c2417fe)] -> xpath: //div[@class='text-btn'][text()='Add New Job ']]<br/>
<img src=D:\BuildPiper3.2_Rahul\Reports\28Dec_103911\buildPipelineandValidate_chrome\buildPipelineandValidate_chrome_362_Dec_104045.jpg alt='Lamp' width='500' height='400'><br/>
Element :[[ChromeDriver: chrome on WINDOWS (48ebf37f4b7638a702fc772d3c2417fe)] -> xpath: //div[@class='text-btn'][text()='Add New Job ']]is displayed on screen<br/>
Clicking on element clicks on new job<br/>
<img src=D:\BuildPiper3.2_Rahul\Reports\28Dec_103911\buildPipelineandValidate_chrome\buildPipelineandValidate_chrome_362_Dec_104045.jpg alt='Lamp' width='500' height='400'><br/>
Element :[[ChromeDriver: chrome on WINDOWS (48ebf37f4b7638a702fc772d3c2417fe)] -> xpath: //select[@name='task_type' and @class='select']]is displayed on screen<br/>
Element is present :[[ChromeDriver: chrome on WINDOWS (48ebf37f4b7638a702fc772d3c2417fe)] -> xpath: //select[@name='task_type' and @class='select']]<br/>
<img src=D:\BuildPiper3.2_Rahul\Reports\28Dec_103911\buildPipelineandValidate_chrome\buildPipelineandValidate_chrome_362_Dec_104045.jpg alt='Lamp' width='500' height='400'><br/>
Element :[[ChromeDriver: chrome on WINDOWS (48ebf37f4b7638a702fc772d3c2417fe)] -> xpath: //span[text()='automation-682046mu117xjpt']]is displayed on screen<br/>
Element is present :[[ChromeDriver: chrome on WINDOWS (48ebf37f4b7638a702fc772d3c2417fe)] -> xpath: //span[text()='automation-682046mu117xjpt']]<br/>
<img src=D:\BuildPiper3.2_Rahul\Reports\28Dec_103911\buildPipelineandValidate_chrome\buildPipelineandValidate_chrome_362_Dec_104047.jpg alt='Lamp' width='500' height='400'><br/>
Element :[[ChromeDriver: chrome on WINDOWS (48ebf37f4b7638a702fc772d3c2417fe)] -> xpath: //span[text()='automation-682046mu117xjpt']]is displayed on screen<br/>
Clicking on element selects service component under the env<br/>
<img src=D:\BuildPiper3.2_Rahul\Reports\28Dec_103911\buildPipelineandValidate_chrome\buildPipelineandValidate_chrome_362_Dec_104047.jpg alt='Lamp' width='500' height='400'><br/>
Element :[[ChromeDriver: chrome on WINDOWS (48ebf37f4b7638a702fc772d3c2417fe)] -> xpath: //input[@name='open']/following-sibling::span[2]]is displayed on screen<br/>
Clicking on element conditionalRule<br/>
<img src=D:\BuildPiper3.2_Rahul\Reports\28Dec_103911\buildPipelineandValidate_chrome\buildPipelineandValidate_chrome_362_Dec_104047.jpg alt='Lamp' width='500' height='400'><br/>
Element :[[ChromeDriver: chrome on WINDOWS (48ebf37f4b7638a702fc772d3c2417fe)] -> xpath: //span[text()='Add Conditions']]is displayed on screen<br/>
Clicking on element addConditionButton<br/>
<img src=D:\BuildPiper3.2_Rahul\Reports\28Dec_103911\buildPipelineandValidate_chrome\buildPipelineandValidate_chrome_362_Dec_104048.jpg alt='Lamp' width='500' height='400'><br/>
Element :[[ChromeDriver: chrome on WINDOWS (48ebf37f4b7638a702fc772d3c2417fe)] -> xpath: //div[@class='btn btn-add'][text()='ADD']]is displayed on screen<br/>
Clicking on element clicks add stage btn<br/>
<img src=D:\BuildPiper3.2_Rahul\Reports\28Dec_103911\buildPipelineandValidate_chrome\buildPipelineandValidate_chrome_362_Dec_104048.jpg alt='Lamp' width='500' height='400'><br/>
Element :[[ChromeDriver: chrome on WINDOWS (48ebf37f4b7638a702fc772d3c2417fe)] -> xpath: //button[contains(@class,'btn-save')]]is displayed on screen<br/>
Element is present :[[ChromeDriver: chrome on WINDOWS (48ebf37f4b7638a702fc772d3c2417fe)] -> xpath: //button[contains(@class,'btn-save')]]<br/>
<img src=D:\BuildPiper3.2_Rahul\Reports\28Dec_103911\buildPipelineandValidate_chrome\buildPipelineandValidate_chrome_362_Dec_104051.jpg alt='Lamp' width='500' height='400'><br/>
Element :[[ChromeDriver: chrome on WINDOWS (48ebf37f4b7638a702fc772d3c2417fe)] -> xpath: //button[contains(@class,'btn-save')]]is displayed on screen<br/>
Clicking on element clicks save workflow btn<br/>
<img src=D:\BuildPiper3.2_Rahul\Reports\28Dec_103911\buildPipelineandValidate_chrome\buildPipelineandValidate_chrome_362_Dec_104052.jpg alt='Lamp' width='500' height='400'><br/>
Element :[[ChromeDriver: chrome on WINDOWS (48ebf37f4b7638a702fc772d3c2417fe)] -> xpath: //button//div//span[@class='flaticon-expand-arrow']/../../..//div//button//p[text()='Pipeline Overview']]is displayed on screen<br/>
Clicking on element Poc_QA pipelineOverviewLink<br/>
<img src=D:\BuildPiper3.2_Rahul\Reports\28Dec_103911\buildPipelineandValidate_chrome\buildPipelineandValidate_chrome_362_Dec_104102.jpg alt='Lamp' width='500' height='400'><br/>
Element :[[ChromeDriver: chrome on WINDOWS (48ebf37f4b7638a702fc772d3c2417fe)] -> xpath: (//*[contains(@class,'ad-more-search mb-')]/div/div//*[@class='MuiSvgIcon-root'])[1]]is displayed on screen<br/>
Element is present :[[ChromeDriver: chrome on WINDOWS (48ebf37f4b7638a702fc772d3c2417fe)] -> xpath: (//*[contains(@class,'ad-more-search mb-')]/div/div//*[@class='MuiSvgIcon-root'])[1]]<br/>
<img src=D:\BuildPiper3.2_Rahul\Reports\28Dec_103911\buildPipelineandValidate_chrome\buildPipelineandValidate_chrome_362_Dec_104105.jpg alt='Lamp' width='500' height='400'><br/>
Element :[[ChromeDriver: chrome on WINDOWS (48ebf37f4b7638a702fc772d3c2417fe)] -> xpath: (//*[contains(@class,'ad-more-search mb-')]/div/div//*[@class='MuiSvgIcon-root'])[1]]is displayed on screen<br/>
Clicking on element searchDropDown<br/>
<img src=D:\BuildPiper3.2_Rahul\Reports\28Dec_103911\buildPipelineandValidate_chrome\buildPipelineandValidate_chrome_362_Dec_104105.jpg alt='Lamp' width='500' height='400'><br/>
Element :[[ChromeDriver: chrome on WINDOWS (48ebf37f4b7638a702fc772d3c2417fe)] -> xpath: //input[@class='search-input-si']]is displayed on screen<br/>
Clicking on element searchPipelineCheckbox<br/>
<img src=D:\BuildPiper3.2_Rahul\Reports\28Dec_103911\buildPipelineandValidate_chrome\buildPipelineandValidate_chrome_362_Dec_104136.jpg alt='Lamp' width='500' height='400'><br/>
Element :[[ChromeDriver: chrome on WINDOWS (48ebf37f4b7638a702fc772d3c2417fe)] -> xpath: //span[@title='Run Pipeline']/button]is displayed on screen<br/>
Element is present :[[ChromeDriver: chrome on WINDOWS (48ebf37f4b7638a702fc772d3c2417fe)] -> xpath: //span[@title='Run Pipeline']/button]<br/>
<img src=D:\BuildPiper3.2_Rahul\Reports\28Dec_103911\buildPipelineandValidate_chrome\buildPipelineandValidate_chrome_362_Dec_104152.jpg alt='Lamp' width='500' height='400'><br/>
Element :[[ChromeDriver: chrome on WINDOWS (48ebf37f4b7638a702fc772d3c2417fe)] -> xpath: //span[@title='Run Pipeline']/button]is displayed on screen<br/>
Clicking on element pipeline execution Start<br/>
<img src=D:\BuildPiper3.2_Rahul\Reports\28Dec_103911\buildPipelineandValidate_chrome\buildPipelineandValidate_chrome_362_Dec_104152.jpg alt='Lamp' width='500' height='400'><br/>
Element :[[ChromeDriver: chrome on WINDOWS (48ebf37f4b7638a702fc772d3c2417fe)] -> xpath: //a[contains(text(),'BasicPipeline')]]is displayed on screen<br/>
Element is present :[[ChromeDriver: chrome on WINDOWS (48ebf37f4b7638a702fc772d3c2417fe)] -> xpath: //a[contains(text(),'BasicPipeline')]]<br/>
<img src=D:\BuildPiper3.2_Rahul\Reports\28Dec_103911\buildPipelineandValidate_chrome\buildPipelineandValidate_chrome_362_Dec_104154.jpg alt='Lamp' width='500' height='400'><br/>
Element :[[ChromeDriver: chrome on WINDOWS (48ebf37f4b7638a702fc772d3c2417fe)] -> xpath: //a[contains(text(),'BasicPipeline')]]is displayed on screen<br/>
Clicking on element clicks pipeline hyperlink<br/>
<img src=D:\BuildPiper3.2_Rahul\Reports\28Dec_103911\buildPipelineandValidate_chrome\buildPipelineandValidate_chrome_362_Dec_104155.jpg alt='Lamp' width='500' height='400'><br/>
Result upload to testlink is disabled, Please ensure you have 'UpdateTestLink=Yes' in project.properties <br/>
####### End of Test Case: buildPipelineandValidate #######<br/>
</div>
</td>
<td><div><pre>org.openqa.selenium.NoSuchElementException: no such element: Unable to locate element: {&quot;method&quot;:&quot;xpath&quot;,&quot;selector&quot;:&quot;//div[@class=&apos;tag-under-card&apos;]&quot;}
  (Session info: chrome=120.0.6099.130)
For documentation on this error, please visit: https://www.seleniumhq.org/exceptions/no_such_element.html
Build info: version: &apos;3.141.59&apos;, revision: &apos;e82be7d358&apos;, time: &apos;2018-11-14T08:17:03&apos;
System info: host: &apos;DESKTOP-PTF1H2O&apos;, ip: &apos;192.168.1.9&apos;, os.name: &apos;Windows 10&apos;, os.arch: &apos;amd64&apos;, os.version: &apos;10.0&apos;, java.version: &apos;19.0.1&apos;
Driver info: org.openqa.selenium.chrome.ChromeDriver
Capabilities {acceptInsecureCerts: false, browserName: chrome, browserVersion: 120.0.6099.130, chrome: {chromedriverVersion: 120.0.6099.109 (3419140ab66..., userDataDir: C:\Users\Rahul\AppData\Loca...}, fedcm:accounts: true, goog:chromeOptions: {debuggerAddress: localhost:53312}, javascriptEnabled: true, networkConnectionEnabled: false, pageLoadStrategy: normal, platform: WINDOWS, platformName: WINDOWS, proxy: Proxy(), setWindowRect: true, strictFileInteractability: false, timeouts: {implicit: 0, pageLoad: 300000, script: 30000}, unhandledPromptBehavior: dismiss and notify, webauthn:extension:credBlob: true, webauthn:extension:largeBlob: true, webauthn:extension:minPinLength: true, webauthn:extension:prf: true, webauthn:virtualAuthenticators: true}
Session ID: 48ebf37f4b7638a702fc772d3c2417fe
*** Element info: {Using=xpath, value=//div[@class=&apos;tag-under-card&apos;]}
	at java.base/jdk.internal.reflect.DirectConstructorHandleAccessor.newInstance(DirectConstructorHandleAccessor.java:67)
	at java.base/java.lang.reflect.Constructor.newInstanceWithCaller(Constructor.java:500)
	at java.base/java.lang.reflect.Constructor.newInstance(Constructor.java:484)
	at org.openqa.selenium.remote.http.W3CHttpResponseCodec.createException(W3CHttpResponseCodec.java:187)
	at org.openqa.selenium.remote.http.W3CHttpResponseCodec.decode(W3CHttpResponseCodec.java:122)
	at org.openqa.selenium.remote.http.W3CHttpResponseCodec.decode(W3CHttpResponseCodec.java:49)
	at org.openqa.selenium.remote.HttpCommandExecutor.execute(HttpCommandExecutor.java:158)
	at org.openqa.selenium.remote.service.DriverCommandExecutor.execute(DriverCommandExecutor.java:83)
	at org.openqa.selenium.remote.RemoteWebDriver.execute(RemoteWebDriver.java:552)
	at org.openqa.selenium.remote.RemoteWebDriver.findElement(RemoteWebDriver.java:323)
	at org.openqa.selenium.remote.RemoteWebDriver.findElementByXPath(RemoteWebDriver.java:428)
	at org.openqa.selenium.By$ByXPath.findElement(By.java:353)
	at org.openqa.selenium.remote.RemoteWebDriver.findElement(RemoteWebDriver.java:315)
	at org.openqa.selenium.support.pagefactory.DefaultElementLocator.findElement(DefaultElementLocator.java:69)
	at org.openqa.selenium.support.pagefactory.internal.LocatingElementHandler.invoke(LocatingElementHandler.java:38)
	at jdk.proxy2/jdk.proxy2.$Proxy26.getText(Unknown Source)
	at com.buildpiper.pages.BuildPipeLinePage.createBuildandDeployPipeline(BuildPipeLinePage.java:1175)
	at com.buildpiper.testcases.BuildPiperTestcasesExecution.buildPipelineandValidate(BuildPiperTestcasesExecution.java:215)
	at java.base/jdk.internal.reflect.DirectMethodHandleAccessor.invoke(DirectMethodHandleAccessor.java:104)
	at java.base/java.lang.reflect.Method.invoke(Method.java:578)
	at org.testng.internal.MethodInvocationHelper.invokeMethod(MethodInvocationHelper.java:134)
	at org.testng.internal.TestInvoker.invokeMethod(TestInvoker.java:597)
	at org.testng.internal.TestInvoker.invokeTestMethod(TestInvoker.java:173)
	at org.testng.internal.MethodRunner.runInSequence(MethodRunner.java:46)
	at org.testng.internal.TestInvoker$MethodInvocationAgent.invoke(TestInvoker.java:816)
	at org.testng.internal.TestInvoker.invokeTestMethods(TestInvoker.java:146)
	at org.testng.internal.TestMethodWorker.invokeTestMethods(TestMethodWorker.java:146)
	at org.testng.internal.TestMethodWorker.run(TestMethodWorker.java:128)
	at java.base/java.util.ArrayList.forEach(ArrayList.java:1511)
	at org.testng.TestRunner.privateRun(TestRunner.java:766)
	at org.testng.TestRunner.run(TestRunner.java:587)
	at org.testng.SuiteRunner.runTest(SuiteRunner.java:384)
	at org.testng.SuiteRunner.runSequentially(SuiteRunner.java:378)
	at org.testng.SuiteRunner.privateRun(SuiteRunner.java:337)
	at org.testng.SuiteRunner.run(SuiteRunner.java:286)
	at org.testng.SuiteRunnerWorker.runSuite(SuiteRunnerWorker.java:53)
	at org.testng.SuiteRunnerWorker.run(SuiteRunnerWorker.java:96)
	at org.testng.TestNG.runSuitesSequentially(TestNG.java:1187)
	at org.testng.TestNG.runSuitesLocally(TestNG.java:1109)
	at org.testng.TestNG.runSuites(TestNG.java:1039)
	at org.testng.TestNG.run(TestNG.java:1007)
	at org.testng.remote.AbstractRemoteTestNG.run(AbstractRemoteTestNG.java:115)
	at org.testng.remote.RemoteTestNG.initAndRun(RemoteTestNG.java:251)
	at org.testng.remote.RemoteTestNG.main(RemoteTestNG.java:77)
</pre></div><a href='#' onClick='toggleBox("stack-trace1564170442", this, "Click to show all stack frames", "Click to hide stack frames")'>Click to show all stack frames</a>
<div class='stack-trace' id='stack-trace1564170442'><pre>org.openqa.selenium.NoSuchElementException: no such element: Unable to locate element: {&quot;method&quot;:&quot;xpath&quot;,&quot;selector&quot;:&quot;//div[@class=&apos;tag-under-card&apos;]&quot;}
  (Session info: chrome=120.0.6099.130)
For documentation on this error, please visit: https://www.seleniumhq.org/exceptions/no_such_element.html
Build info: version: &apos;3.141.59&apos;, revision: &apos;e82be7d358&apos;, time: &apos;2018-11-14T08:17:03&apos;
System info: host: &apos;DESKTOP-PTF1H2O&apos;, ip: &apos;192.168.1.9&apos;, os.name: &apos;Windows 10&apos;, os.arch: &apos;amd64&apos;, os.version: &apos;10.0&apos;, java.version: &apos;19.0.1&apos;
Driver info: org.openqa.selenium.chrome.ChromeDriver
Capabilities {acceptInsecureCerts: false, browserName: chrome, browserVersion: 120.0.6099.130, chrome: {chromedriverVersion: 120.0.6099.109 (3419140ab66..., userDataDir: C:\Users\Rahul\AppData\Loca...}, fedcm:accounts: true, goog:chromeOptions: {debuggerAddress: localhost:53312}, javascriptEnabled: true, networkConnectionEnabled: false, pageLoadStrategy: normal, platform: WINDOWS, platformName: WINDOWS, proxy: Proxy(), setWindowRect: true, strictFileInteractability: false, timeouts: {implicit: 0, pageLoad: 300000, script: 30000}, unhandledPromptBehavior: dismiss and notify, webauthn:extension:credBlob: true, webauthn:extension:largeBlob: true, webauthn:extension:minPinLength: true, webauthn:extension:prf: true, webauthn:virtualAuthenticators: true}
Session ID: 48ebf37f4b7638a702fc772d3c2417fe
*** Element info: {Using=xpath, value=//div[@class=&apos;tag-under-card&apos;]}
	at java.base/jdk.internal.reflect.DirectConstructorHandleAccessor.newInstance(DirectConstructorHandleAccessor.java:67)
	at java.base/java.lang.reflect.Constructor.newInstanceWithCaller(Constructor.java:500)
	at java.base/java.lang.reflect.Constructor.newInstance(Constructor.java:484)
	at org.openqa.selenium.remote.http.W3CHttpResponseCodec.createException(W3CHttpResponseCodec.java:187)
	at org.openqa.selenium.remote.http.W3CHttpResponseCodec.decode(W3CHttpResponseCodec.java:122)
	at org.openqa.selenium.remote.http.W3CHttpResponseCodec.decode(W3CHttpResponseCodec.java:49)
	at org.openqa.selenium.remote.HttpCommandExecutor.execute(HttpCommandExecutor.java:158)
	at org.openqa.selenium.remote.service.DriverCommandExecutor.execute(DriverCommandExecutor.java:83)
	at org.openqa.selenium.remote.RemoteWebDriver.execute(RemoteWebDriver.java:552)
	at org.openqa.selenium.remote.RemoteWebDriver.findElement(RemoteWebDriver.java:323)
	at org.openqa.selenium.remote.RemoteWebDriver.findElementByXPath(RemoteWebDriver.java:428)
	at org.openqa.selenium.By$ByXPath.findElement(By.java:353)
	at org.openqa.selenium.remote.RemoteWebDriver.findElement(RemoteWebDriver.java:315)
	at org.openqa.selenium.support.pagefactory.DefaultElementLocator.findElement(DefaultElementLocator.java:69)
	at org.openqa.selenium.support.pagefactory.internal.LocatingElementHandler.invoke(LocatingElementHandler.java:38)
	at jdk.proxy2/jdk.proxy2.$Proxy26.getText(Unknown Source)
	at com.buildpiper.pages.BuildPipeLinePage.createBuildandDeployPipeline(BuildPipeLinePage.java:1175)
	at com.buildpiper.testcases.BuildPiperTestcasesExecution.buildPipelineandValidate(BuildPiperTestcasesExecution.java:215)
	at java.base/jdk.internal.reflect.DirectMethodHandleAccessor.invoke(DirectMethodHandleAccessor.java:104)
	at java.base/java.lang.reflect.Method.invoke(Method.java:578)
	at org.testng.internal.MethodInvocationHelper.invokeMethod(MethodInvocationHelper.java:134)
	at org.testng.internal.TestInvoker.invokeMethod(TestInvoker.java:597)
	at org.testng.internal.TestInvoker.invokeTestMethod(TestInvoker.java:173)
	at org.testng.internal.MethodRunner.runInSequence(MethodRunner.java:46)
	at org.testng.internal.TestInvoker$MethodInvocationAgent.invoke(TestInvoker.java:816)
	at org.testng.internal.TestInvoker.invokeTestMethods(TestInvoker.java:146)
	at org.testng.internal.TestMethodWorker.invokeTestMethods(TestMethodWorker.java:146)
	at org.testng.internal.TestMethodWorker.run(TestMethodWorker.java:128)
	at java.base/java.util.ArrayList.forEach(ArrayList.java:1511)
	at org.testng.TestRunner.privateRun(TestRunner.java:766)
	at org.testng.TestRunner.run(TestRunner.java:587)
	at org.testng.SuiteRunner.runTest(SuiteRunner.java:384)
	at org.testng.SuiteRunner.runSequentially(SuiteRunner.java:378)
	at org.testng.SuiteRunner.privateRun(SuiteRunner.java:337)
	at org.testng.SuiteRunner.run(SuiteRunner.java:286)
	at org.testng.SuiteRunnerWorker.runSuite(SuiteRunnerWorker.java:53)
	at org.testng.SuiteRunnerWorker.run(SuiteRunnerWorker.java:96)
	at org.testng.TestNG.runSuitesSequentially(TestNG.java:1187)
	at org.testng.TestNG.runSuitesLocally(TestNG.java:1109)
	at org.testng.TestNG.runSuites(TestNG.java:1039)
	at org.testng.TestNG.run(TestNG.java:1007)
	at org.testng.remote.AbstractRemoteTestNG.run(AbstractRemoteTestNG.java:115)
	at org.testng.remote.RemoteTestNG.initAndRun(RemoteTestNG.java:251)
	at org.testng.remote.RemoteTestNG.main(RemoteTestNG.java:77)
</pre></div></td>
<td>152</td>
<td>com.buildpiper.testcases.BuildPiperTestcasesExecution@1f6c9cd8</td></tr>
</table><p>
</body>
</html>