<?xml version="1.0" encoding="UTF-8"?>
<!-- Generated by org.testng.reporters.JUnitReportReporter -->
<testsuite hostname="DESKTOP-PTF1H2O" failures="0" tests="2" name="com.buildpiper.testcases.RepoIntegrationTestCases" time="83.061" errors="1" timestamp="2023-12-27T18:42:27 IST" skipped="0">
  <testcase classname="com.buildpiper.testcases.RepoIntegrationTestCases" name="AddRepo" time="63.418">
    <error message="no such element: Unable to locate element: {&quot;method&quot;:&quot;xpath&quot;,&quot;selector&quot;:&quot;//div[@class=&#039;input-component&#039;]//*[@name=&#039;remarks&#039; and @placeholder=&#039;Please enter the reason to delete&#039;]&quot;}
  (Session info: chrome=120.0.6099.130)
For documentation on this error, please visit: https://www.seleniumhq.org/exceptions/no_such_element.html
Build info: version: &#039;3.141.59&#039;, revision: &#039;e82be7d358&#039;, time: &#039;2018-11-14T08:17:03&#039;
System info: host: &#039;DESKTOP-PTF1H2O&#039;, ip: &#039;192.168.1.9&#039;, os.name: &#039;Windows 10&#039;, os.arch: &#039;amd64&#039;, os.version: &#039;10.0&#039;, java.version: &#039;19.0.1&#039;
Driver info: org.openqa.selenium.chrome.ChromeDriver
Capabilities {acceptInsecureCerts: false, browserName: chrome, browserVersion: 120.0.6099.130, chrome: {chromedriverVersion: 120.0.6099.109 (3419140ab66..., userDataDir: C:\Users\Rahul\AppData\Loca...}, fedcm:accounts: true, goog:chromeOptions: {debuggerAddress: localhost:61539}, javascriptEnabled: true, networkConnectionEnabled: false, pageLoadStrategy: normal, platform: WINDOWS, platformName: WINDOWS, proxy: Proxy(), setWindowRect: true, strictFileInteractability: false, timeouts: {implicit: 0, pageLoad: 300000, script: 30000}, unhandledPromptBehavior: dismiss and notify, webauthn:extension:credBlob: true, webauthn:extension:largeBlob: true, webauthn:extension:minPinLength: true, webauthn:extension:prf: true, webauthn:virtualAuthenticators: true}
Session ID: 5fd7423d3eeb4f4f7ab648b2ccb87601
*** Element info: {Using=xpath, value=//div[@class=&#039;input-component&#039;]//*[@name=&#039;remarks&#039; and @placeholder=&#039;Please enter the reason to delete&#039;]}" type="org.openqa.selenium.NoSuchElementException">
      <![CDATA[org.openqa.selenium.NoSuchElementException: no such element: Unable to locate element: {"method":"xpath","selector":"//div[@class='input-component']//*[@name='remarks' and @placeholder='Please enter the reason to delete']"}
  (Session info: chrome=120.0.6099.130)
For documentation on this error, please visit: https://www.seleniumhq.org/exceptions/no_such_element.html
Build info: version: '3.141.59', revision: 'e82be7d358', time: '2018-11-14T08:17:03'
System info: host: 'DESKTOP-PTF1H2O', ip: '192.168.1.9', os.name: 'Windows 10', os.arch: 'amd64', os.version: '10.0', java.version: '19.0.1'
Driver info: org.openqa.selenium.chrome.ChromeDriver
Capabilities {acceptInsecureCerts: false, browserName: chrome, browserVersion: 120.0.6099.130, chrome: {chromedriverVersion: 120.0.6099.109 (3419140ab66..., userDataDir: C:\Users\Rahul\AppData\Loca...}, fedcm:accounts: true, goog:chromeOptions: {debuggerAddress: localhost:61539}, javascriptEnabled: true, networkConnectionEnabled: false, pageLoadStrategy: normal, platform: WINDOWS, platformName: WINDOWS, proxy: Proxy(), setWindowRect: true, strictFileInteractability: false, timeouts: {implicit: 0, pageLoad: 300000, script: 30000}, unhandledPromptBehavior: dismiss and notify, webauthn:extension:credBlob: true, webauthn:extension:largeBlob: true, webauthn:extension:minPinLength: true, webauthn:extension:prf: true, webauthn:virtualAuthenticators: true}
Session ID: 5fd7423d3eeb4f4f7ab648b2ccb87601
*** Element info: {Using=xpath, value=//div[@class='input-component']//*[@name='remarks' and @placeholder='Please enter the reason to delete']}
at java.base/jdk.internal.reflect.DirectConstructorHandleAccessor.newInstance(DirectConstructorHandleAccessor.java:67)
at java.base/java.lang.reflect.Constructor.newInstanceWithCaller(Constructor.java:500)
at java.base/java.lang.reflect.Constructor.newInstance(Constructor.java:484)
at org.openqa.selenium.remote.http.W3CHttpResponseCodec.createException(W3CHttpResponseCodec.java:187)
at org.openqa.selenium.remote.http.W3CHttpResponseCodec.decode(W3CHttpResponseCodec.java:122)
at org.openqa.selenium.remote.http.W3CHttpResponseCodec.decode(W3CHttpResponseCodec.java:49)
at org.openqa.selenium.remote.HttpCommandExecutor.execute(HttpCommandExecutor.java:158)
at org.openqa.selenium.remote.service.DriverCommandExecutor.execute(DriverCommandExecutor.java:83)
at org.openqa.selenium.remote.RemoteWebDriver.execute(RemoteWebDriver.java:552)
at org.openqa.selenium.remote.RemoteWebDriver.findElement(RemoteWebDriver.java:323)
at org.openqa.selenium.remote.RemoteWebDriver.findElementByXPath(RemoteWebDriver.java:428)
at org.openqa.selenium.By$ByXPath.findElement(By.java:353)
at org.openqa.selenium.remote.RemoteWebDriver.findElement(RemoteWebDriver.java:315)
at org.openqa.selenium.support.pagefactory.DefaultElementLocator.findElement(DefaultElementLocator.java:69)
at org.openqa.selenium.support.pagefactory.internal.LocatingElementHandler.invoke(LocatingElementHandler.java:38)
at jdk.proxy2/jdk.proxy2.$Proxy26.isDisplayed(Unknown Source)
at com.buildpiper.capabilities.UICapability.ui_IsElementDisplay(UICapability.java:188)
at com.buildpiper.base.Capability.ui_IsElementDisplay(Capability.java:265)
at com.buildpiper.pages.RepoIntegrationPage.AddRepoOption1(RepoIntegrationPage.java:104)
at com.buildpiper.testcases.RepoIntegrationTestCases.AddRepo(RepoIntegrationTestCases.java:42)
at java.base/jdk.internal.reflect.DirectMethodHandleAccessor.invoke(DirectMethodHandleAccessor.java:104)
at java.base/java.lang.reflect.Method.invoke(Method.java:578)
at org.testng.internal.MethodInvocationHelper.invokeMethod(MethodInvocationHelper.java:134)
at org.testng.internal.TestInvoker.invokeMethod(TestInvoker.java:597)
at org.testng.internal.TestInvoker.invokeTestMethod(TestInvoker.java:173)
at org.testng.internal.MethodRunner.runInSequence(MethodRunner.java:46)
at org.testng.internal.TestInvoker$MethodInvocationAgent.invoke(TestInvoker.java:816)
at org.testng.internal.TestInvoker.invokeTestMethods(TestInvoker.java:146)
at org.testng.internal.TestMethodWorker.invokeTestMethods(TestMethodWorker.java:146)
at org.testng.internal.TestMethodWorker.run(TestMethodWorker.java:128)
at java.base/java.util.ArrayList.forEach(ArrayList.java:1511)
at org.testng.TestRunner.privateRun(TestRunner.java:766)
at org.testng.TestRunner.run(TestRunner.java:587)
at org.testng.SuiteRunner.runTest(SuiteRunner.java:384)
at org.testng.SuiteRunner.runSequentially(SuiteRunner.java:378)
at org.testng.SuiteRunner.privateRun(SuiteRunner.java:337)
at org.testng.SuiteRunner.run(SuiteRunner.java:286)
at org.testng.SuiteRunnerWorker.runSuite(SuiteRunnerWorker.java:53)
at org.testng.SuiteRunnerWorker.run(SuiteRunnerWorker.java:96)
at org.testng.TestNG.runSuitesSequentially(TestNG.java:1187)
at org.testng.TestNG.runSuitesLocally(TestNG.java:1109)
at org.testng.TestNG.runSuites(TestNG.java:1039)
at org.testng.TestNG.run(TestNG.java:1007)
at org.testng.remote.AbstractRemoteTestNG.run(AbstractRemoteTestNG.java:115)
at org.testng.remote.RemoteTestNG.initAndRun(RemoteTestNG.java:251)
at org.testng.remote.RemoteTestNG.main(RemoteTestNG.java:77)
]]>
    </error>
  </testcase> <!-- AddRepo -->
  <system-out>
Clicking on element Integration button under side bar <img src=D:\BuildPiper3.2_Rahul\Reports\27Dec_180344\AddRepo_chrome\AddRepo_chrome_361_Dec_183756.jpg alt='Lamp' width='500' height='400'> Clicking on element Repo Integration button under Integration button <img src=D:\BuildPiper3.2_Rahul\Reports\27Dec_180344\AddRepo_chrome\AddRepo_chrome_361_Dec_183757.jpg alt='Lamp' width='500' height='400'> Element is present :[[ChromeDriver: chrome on WINDOWS (5fd7423d3eeb4f4f7ab648b2ccb87601)] -> xpath: //button[contains(@class,'btn btn-primary-v2')][text()=' Add Repo']] <img src=D:\BuildPiper3.2_Rahul\Reports\27Dec_180344\AddRepo_chrome\AddRepo_chrome_361_Dec_183757.jpg alt='Lamp' width='500' height='400'> Clicking on element clicks on add repo button <img src=D:\BuildPiper3.2_Rahul\Reports\27Dec_180344\AddRepo_chrome\AddRepo_chrome_361_Dec_183757.jpg alt='Lamp' width='500' height='400'> Element is present :[[ChromeDriver: chrome on WINDOWS (5fd7423d3eeb4f4f7ab648b2ccb87601)] -> xpath: //input[@name='git_url' and @placeholder='https://bitbucket.buildpiper.in']] <img src=D:\BuildPiper3.2_Rahul\Reports\27Dec_180344\AddRepo_chrome\AddRepo_chrome_361_Dec_183758.jpg alt='Lamp' width='500' height='400'> Clicking on element clicks on test connection button after entering URL <img src=D:\BuildPiper3.2_Rahul\Reports\27Dec_180344\AddRepo_chrome\AddRepo_chrome_361_Dec_183758.jpg alt='Lamp' width='500' height='400'> Element is present :[[ChromeDriver: chrome on WINDOWS (5fd7423d3eeb4f4f7ab648b2ccb87601)] -> xpath: //div[contains(@class,'alert-success undefined')]//p] <img src=D:\BuildPiper3.2_Rahul\Reports\27Dec_180344\AddRepo_chrome\AddRepo_chrome_361_Dec_183800.jpg alt='Lamp' width='500' height='400'> Clicking on element clicks on save button after entering URL <img src=D:\BuildPiper3.2_Rahul\Reports\27Dec_180344\AddRepo_chrome\AddRepo_chrome_361_Dec_183800.jpg alt='Lamp' width='500' height='400'> Element is present :[[ChromeDriver: chrome on WINDOWS (5fd7423d3eeb4f4f7ab648b2ccb87601)] -> xpath: //div[contains(@class,'search-bar')]//input[@name='name' and @placeholder='Name']] <img src=D:\BuildPiper3.2_Rahul\Reports\27Dec_180344\AddRepo_chrome\AddRepo_chrome_361_Dec_183801.jpg alt='Lamp' width='500' height='400'> Clicking on element edit icon in repo integration page <img src=D:\BuildPiper3.2_Rahul\Reports\27Dec_180344\AddRepo_chrome\AddRepo_chrome_361_Dec_183802.jpg alt='Lamp' width='500' height='400'> Element is present :[[ChromeDriver: chrome on WINDOWS (5fd7423d3eeb4f4f7ab648b2ccb87601)] -> xpath: //a[contains(@href,'/repo/')][contains(@href,'/edit')]] <img src=D:\BuildPiper3.2_Rahul\Reports\27Dec_180344\AddRepo_chrome\AddRepo_chrome_361_Dec_183802.jpg alt='Lamp' width='500' height='400'> Clicking on element clicks delete button <img src=D:\BuildPiper3.2_Rahul\Reports\27Dec_180344\AddRepo_chrome\AddRepo_chrome_361_Dec_183802.jpg alt='Lamp' width='500' height='400'> ####### End of Test Case: AddRepo #######  </system-out>
  <testcase classname="com.buildpiper.testcases.RepoIntegrationTestCases" name="AddSecretsOnAddRepoPage" time="19.643"/>
  <system-out>
Clicking on element Integration button under side bar <img src=D:\BuildPiper3.2_Rahul\Reports\27Dec_180344\AddSecretsOnAddRepoPage_chrome\AddSecretsOnAddRepoPage_chrome_361_Dec_183843.jpg alt='Lamp' width='500' height='400'> Clicking on element Repo Integration button under Integration button <img src=D:\BuildPiper3.2_Rahul\Reports\27Dec_180344\AddSecretsOnAddRepoPage_chrome\AddSecretsOnAddRepoPage_chrome_361_Dec_183843.jpg alt='Lamp' width='500' height='400'> Element is present :[[ChromeDriver: chrome on WINDOWS (dc2b82e869712355952b18b4d912cbb1)] -> xpath: //button[contains(@class,'btn btn-primary-v2')][text()=' Add Repo']] <img src=D:\BuildPiper3.2_Rahul\Reports\27Dec_180344\AddSecretsOnAddRepoPage_chrome\AddSecretsOnAddRepoPage_chrome_361_Dec_183844.jpg alt='Lamp' width='500' height='400'> Clicking on element clicks on add repo button <img src=D:\BuildPiper3.2_Rahul\Reports\27Dec_180344\AddSecretsOnAddRepoPage_chrome\AddSecretsOnAddRepoPage_chrome_361_Dec_183844.jpg alt='Lamp' width='500' height='400'> Clicking on element adds new secret <img src=D:\BuildPiper3.2_Rahul\Reports\27Dec_180344\AddSecretsOnAddRepoPage_chrome\AddSecretsOnAddRepoPage_chrome_361_Dec_183845.jpg alt='Lamp' width='500' height='400'> ####### End of Test Case: AddSecretsOnAddRepoPage #######  </system-out>
</testsuite> <!-- com.buildpiper.testcases.RepoIntegrationTestCases -->
