<?xml version="1.0" encoding="UTF-8"?>
<!-- Generated by org.testng.reporters.JUnitReportReporter -->
<testsuite hostname="DESKTOP-PTF1H2O" failures="1" tests="3" name="com.buildpiper.testcases.EnvironmentTestcasesExecution" time="456.240" errors="1" timestamp="2023-12-27T18:42:27 IST" skipped="0">
  <testcase classname="com.buildpiper.testcases.EnvironmentTestcasesExecution" name="CreateEnvironment" time="189.038"/>
  <system-out>
Clicking on element userMenuAppBar <img src=D:\BuildPiper3.2_Rahul\Reports\27Dec_180344\CreateEnvironment_chrome\CreateEnvironment_chrome_361_Dec_182425.jpg alt='Lamp' width='500' height='400'> Clicking on element switching to user account <img src=D:\BuildPiper3.2_Rahul\Reports\27Dec_180344\CreateEnvironment_chrome\CreateEnvironment_chrome_361_Dec_182425.jpg alt='Lamp' width='500' height='400'> Element is present :[[ChromeDriver: chrome on WINDOWS (b5dd710a4e0bf6e76ae97f9f483cc1ce)] -> xpath: //li//button[contains(@class,'app-cluster-button')]//span[@title]] <img src=D:\BuildPiper3.2_Rahul\Reports\27Dec_180344\CreateEnvironment_chrome\CreateEnvironment_chrome_361_Dec_182435.jpg alt='Lamp' width='500' height='400'> Element is present :[[ChromeDriver: chrome on WINDOWS (b5dd710a4e0bf6e76ae97f9f483cc1ce)] -> xpath: //div//a[contains(.,'Environment Overview')]] <img src=D:\BuildPiper3.2_Rahul\Reports\27Dec_180344\CreateEnvironment_chrome\CreateEnvironment_chrome_361_Dec_182510.jpg alt='Lamp' width='500' height='400'>  Element :[[ChromeDriver: chrome on WINDOWS (b5dd710a4e0bf6e76ae97f9f483cc1ce)] -> xpath: //div//a[contains(.,'Environment Overview')]] is not clickable using selenium click <img src=D:\BuildPiper3.2_Rahul\Reports\27Dec_180344\CreateEnvironment_chrome\CreateEnvironment_chrome_361_Dec_182541.jpg alt='Lamp' width='500' height='400'> Clicking on element clicks on environment overview tab under applicartion name <img src=D:\BuildPiper3.2_Rahul\Reports\27Dec_180344\CreateEnvironment_chrome\CreateEnvironment_chrome_361_Dec_182541.jpg alt='Lamp' width='500' height='400'> Element is present :[[ChromeDriver: chrome on WINDOWS (b5dd710a4e0bf6e76ae97f9f483cc1ce)] -> xpath: //a[text()='New Environment']] <img src=D:\BuildPiper3.2_Rahul\Reports\27Dec_180344\CreateEnvironment_chrome\CreateEnvironment_chrome_361_Dec_182541.jpg alt='Lamp' width='500' height='400'> Clicking on element clicks on add new environment button <img src=D:\BuildPiper3.2_Rahul\Reports\27Dec_180344\CreateEnvironment_chrome\CreateEnvironment_chrome_361_Dec_182541.jpg alt='Lamp' width='500' height='400'> Element is present :[[ChromeDriver: chrome on WINDOWS (b5dd710a4e0bf6e76ae97f9f483cc1ce)] -> xpath: //input[@placeholder='Environment Name']] <img src=D:\BuildPiper3.2_Rahul\Reports\27Dec_180344\CreateEnvironment_chrome\CreateEnvironment_chrome_361_Dec_182542.jpg alt='Lamp' width='500' height='400'> Setting value on element  <img src=D:\BuildPiper3.2_Rahul\Reports\27Dec_180344\CreateEnvironment_chrome\CreateEnvironment_chrome_361_Dec_182542.jpg alt='Lamp' width='500' height='400'> Clicking on element Click on Okay Button <img src=D:\BuildPiper3.2_Rahul\Reports\27Dec_180344\CreateEnvironment_chrome\CreateEnvironment_chrome_361_Dec_182548.jpg alt='Lamp' width='500' height='400'> Clicking on element Click on Okay Button <img src=D:\BuildPiper3.2_Rahul\Reports\27Dec_180344\CreateEnvironment_chrome\CreateEnvironment_chrome_361_Dec_182548.jpg alt='Lamp' width='500' height='400'> Exception while scroll to view of element:  Exception while scroll to view of element:   Element :Proxy element for: DefaultElementLocator 'By.xpath: //button[text()='Okay']' is not clickable using javaScript  Element :Proxy element for: DefaultElementLocator 'By.xpath: //button[text()='Okay']' is not clickable using selenium click <img src=D:\BuildPiper3.2_Rahul\Reports\27Dec_180344\CreateEnvironment_chrome\CreateEnvironment_chrome_361_Dec_182619.jpg alt='Lamp' width='500' height='400'> Clicking on element Click on Okay Button <img src=D:\BuildPiper3.2_Rahul\Reports\27Dec_180344\CreateEnvironment_chrome\CreateEnvironment_chrome_361_Dec_182619.jpg alt='Lamp' width='500' height='400'> Element is present :[[ChromeDriver: chrome on WINDOWS (b5dd710a4e0bf6e76ae97f9f483cc1ce)] -> xpath: //button[@class='btn btn-submit']] <img src=D:\BuildPiper3.2_Rahul\Reports\27Dec_180344\CreateEnvironment_chrome\CreateEnvironment_chrome_361_Dec_182629.jpg alt='Lamp' width='500' height='400'>  Element :Proxy element for: DefaultElementLocator 'By.xpath: //button[@class='btn btn-submit']' is not clickable using selenium click <img src=D:\BuildPiper3.2_Rahul\Reports\27Dec_180344\CreateEnvironment_chrome\CreateEnvironment_chrome_361_Dec_182631.jpg alt='Lamp' width='500' height='400'> Clicking on element user clicks save button <img src=D:\BuildPiper3.2_Rahul\Reports\27Dec_180344\CreateEnvironment_chrome\CreateEnvironment_chrome_361_Dec_182631.jpg alt='Lamp' width='500' height='400'> Exception while scroll to view of element:  Exception while scroll to view of element:   Element :Proxy element for: DefaultElementLocator 'By.xpath: //ul[@class='headerul']//li[text()='Associated Services']' is not clickable using javaScript  Element :Proxy element for: DefaultElementLocator 'By.xpath: //ul[@class='headerul']//li[text()='Associated Services']' is not clickable using selenium click <img src=D:\BuildPiper3.2_Rahul\Reports\27Dec_180344\CreateEnvironment_chrome\CreateEnvironment_chrome_361_Dec_182723.jpg alt='Lamp' width='500' height='400'> Clicking on element clicks on associate services option <img src=D:\BuildPiper3.2_Rahul\Reports\27Dec_180344\CreateEnvironment_chrome\CreateEnvironment_chrome_361_Dec_182723.jpg alt='Lamp' width='500' height='400'> ####### End of Test Case: CreateEnvironment #######  </system-out>
  <testcase classname="com.buildpiper.testcases.EnvironmentTestcasesExecution" name="EnvironmentLevelSearch" time="84.348">
    <failure message="expected [true] but found [false]" type="java.lang.AssertionError">
      <![CDATA[java.lang.AssertionError: expected [true] but found [false]
at org.testng.Assert.fail(Assert.java:97)
at org.testng.Assert.failNotEquals(Assert.java:969)
at org.testng.Assert.assertTrue(Assert.java:43)
at org.testng.Assert.assertTrue(Assert.java:53)
at com.buildpiper.pages.EnvironmentCreationPage.SeacrhEnvironment(EnvironmentCreationPage.java:276)
at com.buildpiper.testcases.EnvironmentTestcasesExecution.EnvironmentLevelSearch(EnvironmentTestcasesExecution.java:196)
at java.base/jdk.internal.reflect.DirectMethodHandleAccessor.invoke(DirectMethodHandleAccessor.java:104)
at java.base/java.lang.reflect.Method.invoke(Method.java:578)
at org.testng.internal.MethodInvocationHelper.invokeMethod(MethodInvocationHelper.java:134)
at org.testng.internal.TestInvoker.invokeMethod(TestInvoker.java:597)
at org.testng.internal.TestInvoker.invokeTestMethod(TestInvoker.java:173)
at org.testng.internal.MethodRunner.runInSequence(MethodRunner.java:46)
at org.testng.internal.TestInvoker$MethodInvocationAgent.invoke(TestInvoker.java:816)
at org.testng.internal.TestInvoker.invokeTestMethods(TestInvoker.java:146)
at org.testng.internal.TestMethodWorker.invokeTestMethods(TestMethodWorker.java:146)
at org.testng.internal.TestMethodWorker.run(TestMethodWorker.java:128)
at java.base/java.util.ArrayList.forEach(ArrayList.java:1511)
at org.testng.TestRunner.privateRun(TestRunner.java:766)
at org.testng.TestRunner.run(TestRunner.java:587)
at org.testng.SuiteRunner.runTest(SuiteRunner.java:384)
at org.testng.SuiteRunner.runSequentially(SuiteRunner.java:378)
at org.testng.SuiteRunner.privateRun(SuiteRunner.java:337)
at org.testng.SuiteRunner.run(SuiteRunner.java:286)
at org.testng.SuiteRunnerWorker.runSuite(SuiteRunnerWorker.java:53)
at org.testng.SuiteRunnerWorker.run(SuiteRunnerWorker.java:96)
at org.testng.TestNG.runSuitesSequentially(TestNG.java:1187)
at org.testng.TestNG.runSuitesLocally(TestNG.java:1109)
at org.testng.TestNG.runSuites(TestNG.java:1039)
at org.testng.TestNG.run(TestNG.java:1007)
at org.testng.remote.AbstractRemoteTestNG.run(AbstractRemoteTestNG.java:115)
at org.testng.remote.RemoteTestNG.initAndRun(RemoteTestNG.java:251)
at org.testng.remote.RemoteTestNG.main(RemoteTestNG.java:77)
]]>
    </failure>
  </testcase> <!-- EnvironmentLevelSearch -->
  <system-out>
Clicking on element userMenuAppBar <img src=D:\BuildPiper3.2_Rahul\Reports\27Dec_180344\EnvironmentLevelSearch_chrome\EnvironmentLevelSearch_chrome_361_Dec_183037.jpg alt='Lamp' width='500' height='400'> Clicking on element switching to user account <img src=D:\BuildPiper3.2_Rahul\Reports\27Dec_180344\EnvironmentLevelSearch_chrome\EnvironmentLevelSearch_chrome_361_Dec_183037.jpg alt='Lamp' width='500' height='400'> Element is present :[[ChromeDriver: chrome on WINDOWS (762f84b258fc33e79e1f79cb49a4bbf6)] -> xpath: //li//button[contains(@class,'app-cluster-button')]//span[@title]] <img src=D:\BuildPiper3.2_Rahul\Reports\27Dec_180344\EnvironmentLevelSearch_chrome\EnvironmentLevelSearch_chrome_361_Dec_183037.jpg alt='Lamp' width='500' height='400'> Element is present :[[ChromeDriver: chrome on WINDOWS (762f84b258fc33e79e1f79cb49a4bbf6)] -> xpath: //div//a[contains(.,'Environment Overview')]] <img src=D:\BuildPiper3.2_Rahul\Reports\27Dec_180344\EnvironmentLevelSearch_chrome\EnvironmentLevelSearch_chrome_361_Dec_183108.jpg alt='Lamp' width='500' height='400'>  Element :[[ChromeDriver: chrome on WINDOWS (762f84b258fc33e79e1f79cb49a4bbf6)] -> xpath: //div//a[contains(.,'Environment Overview')]] is not clickable using selenium click <img src=D:\BuildPiper3.2_Rahul\Reports\27Dec_180344\EnvironmentLevelSearch_chrome\EnvironmentLevelSearch_chrome_361_Dec_183139.jpg alt='Lamp' width='500' height='400'> Clicking on element clicks on environment overview tab under applicartion name <img src=D:\BuildPiper3.2_Rahul\Reports\27Dec_180344\EnvironmentLevelSearch_chrome\EnvironmentLevelSearch_chrome_361_Dec_183139.jpg alt='Lamp' width='500' height='400'> ####### End of Test Case: EnvironmentLevelSearch #######  </system-out>
  <testcase classname="com.buildpiper.testcases.EnvironmentTestcasesExecution" name="DeleteEnvironment" time="182.854">
    <error message="no such element: Unable to locate element: {&quot;method&quot;:&quot;xpath&quot;,&quot;selector&quot;:&quot;//input[@name=&#039;remarks&#039; and @placeholder=&#039;Please enter the reason to delete&#039;]&quot;}
  (Session info: chrome=120.0.6099.130)
For documentation on this error, please visit: https://www.seleniumhq.org/exceptions/no_such_element.html
Build info: version: &#039;3.141.59&#039;, revision: &#039;e82be7d358&#039;, time: &#039;2018-11-14T08:17:03&#039;
System info: host: &#039;DESKTOP-PTF1H2O&#039;, ip: &#039;192.168.1.9&#039;, os.name: &#039;Windows 10&#039;, os.arch: &#039;amd64&#039;, os.version: &#039;10.0&#039;, java.version: &#039;19.0.1&#039;
Driver info: org.openqa.selenium.chrome.ChromeDriver
Capabilities {acceptInsecureCerts: false, browserName: chrome, browserVersion: 120.0.6099.130, chrome: {chromedriverVersion: 120.0.6099.109 (3419140ab66..., userDataDir: C:\Users\Rahul\AppData\Loca...}, fedcm:accounts: true, goog:chromeOptions: {debuggerAddress: localhost:61196}, javascriptEnabled: true, networkConnectionEnabled: false, pageLoadStrategy: normal, platform: WINDOWS, platformName: WINDOWS, proxy: Proxy(), setWindowRect: true, strictFileInteractability: false, timeouts: {implicit: 0, pageLoad: 300000, script: 30000}, unhandledPromptBehavior: dismiss and notify, webauthn:extension:credBlob: true, webauthn:extension:largeBlob: true, webauthn:extension:minPinLength: true, webauthn:extension:prf: true, webauthn:virtualAuthenticators: true}
Session ID: 08298e931999e9e9e7c2cfa11475f139
*** Element info: {Using=xpath, value=//input[@name=&#039;remarks&#039; and @placeholder=&#039;Please enter the reason to delete&#039;]}" type="org.openqa.selenium.NoSuchElementException">
      <![CDATA[org.openqa.selenium.NoSuchElementException: no such element: Unable to locate element: {"method":"xpath","selector":"//input[@name='remarks' and @placeholder='Please enter the reason to delete']"}
  (Session info: chrome=120.0.6099.130)
For documentation on this error, please visit: https://www.seleniumhq.org/exceptions/no_such_element.html
Build info: version: '3.141.59', revision: 'e82be7d358', time: '2018-11-14T08:17:03'
System info: host: 'DESKTOP-PTF1H2O', ip: '192.168.1.9', os.name: 'Windows 10', os.arch: 'amd64', os.version: '10.0', java.version: '19.0.1'
Driver info: org.openqa.selenium.chrome.ChromeDriver
Capabilities {acceptInsecureCerts: false, browserName: chrome, browserVersion: 120.0.6099.130, chrome: {chromedriverVersion: 120.0.6099.109 (3419140ab66..., userDataDir: C:\Users\Rahul\AppData\Loca...}, fedcm:accounts: true, goog:chromeOptions: {debuggerAddress: localhost:61196}, javascriptEnabled: true, networkConnectionEnabled: false, pageLoadStrategy: normal, platform: WINDOWS, platformName: WINDOWS, proxy: Proxy(), setWindowRect: true, strictFileInteractability: false, timeouts: {implicit: 0, pageLoad: 300000, script: 30000}, unhandledPromptBehavior: dismiss and notify, webauthn:extension:credBlob: true, webauthn:extension:largeBlob: true, webauthn:extension:minPinLength: true, webauthn:extension:prf: true, webauthn:virtualAuthenticators: true}
Session ID: 08298e931999e9e9e7c2cfa11475f139
*** Element info: {Using=xpath, value=//input[@name='remarks' and @placeholder='Please enter the reason to delete']}
at java.base/jdk.internal.reflect.DirectConstructorHandleAccessor.newInstance(DirectConstructorHandleAccessor.java:67)
at java.base/java.lang.reflect.Constructor.newInstanceWithCaller(Constructor.java:500)
at java.base/java.lang.reflect.Constructor.newInstance(Constructor.java:484)
at org.openqa.selenium.remote.http.W3CHttpResponseCodec.createException(W3CHttpResponseCodec.java:187)
at org.openqa.selenium.remote.http.W3CHttpResponseCodec.decode(W3CHttpResponseCodec.java:122)
at org.openqa.selenium.remote.http.W3CHttpResponseCodec.decode(W3CHttpResponseCodec.java:49)
at org.openqa.selenium.remote.HttpCommandExecutor.execute(HttpCommandExecutor.java:158)
at org.openqa.selenium.remote.service.DriverCommandExecutor.execute(DriverCommandExecutor.java:83)
at org.openqa.selenium.remote.RemoteWebDriver.execute(RemoteWebDriver.java:552)
at org.openqa.selenium.remote.RemoteWebDriver.findElement(RemoteWebDriver.java:323)
at org.openqa.selenium.remote.RemoteWebDriver.findElementByXPath(RemoteWebDriver.java:428)
at org.openqa.selenium.By$ByXPath.findElement(By.java:353)
at org.openqa.selenium.remote.RemoteWebDriver.findElement(RemoteWebDriver.java:315)
at org.openqa.selenium.support.pagefactory.DefaultElementLocator.findElement(DefaultElementLocator.java:69)
at org.openqa.selenium.support.pagefactory.internal.LocatingElementHandler.invoke(LocatingElementHandler.java:38)
at jdk.proxy2/jdk.proxy2.$Proxy26.sendKeys(Unknown Source)
at com.buildpiper.capabilities.UICapability.ui_clearUsingJavaScript(UICapability.java:574)
at com.buildpiper.capabilities.UICapability.ui_clearText(UICapability.java:526)
at com.buildpiper.capabilities.UICapability.ui_clearAndSetValue(UICapability.java:514)
at com.buildpiper.base.Capability.ui_clearAndSetValue(Capability.java:346)
at com.buildpiper.pages.EnvironmentCreationPage.DeleteEmptyEnvironment(EnvironmentCreationPage.java:359)
at com.buildpiper.testcases.EnvironmentTestcasesExecution.DeleteEnvironment(EnvironmentTestcasesExecution.java:218)
at java.base/jdk.internal.reflect.DirectMethodHandleAccessor.invoke(DirectMethodHandleAccessor.java:104)
at java.base/java.lang.reflect.Method.invoke(Method.java:578)
at org.testng.internal.MethodInvocationHelper.invokeMethod(MethodInvocationHelper.java:134)
at org.testng.internal.TestInvoker.invokeMethod(TestInvoker.java:597)
at org.testng.internal.TestInvoker.invokeTestMethod(TestInvoker.java:173)
at org.testng.internal.MethodRunner.runInSequence(MethodRunner.java:46)
at org.testng.internal.TestInvoker$MethodInvocationAgent.invoke(TestInvoker.java:816)
at org.testng.internal.TestInvoker.invokeTestMethods(TestInvoker.java:146)
at org.testng.internal.TestMethodWorker.invokeTestMethods(TestMethodWorker.java:146)
at org.testng.internal.TestMethodWorker.run(TestMethodWorker.java:128)
at java.base/java.util.ArrayList.forEach(ArrayList.java:1511)
at org.testng.TestRunner.privateRun(TestRunner.java:766)
at org.testng.TestRunner.run(TestRunner.java:587)
at org.testng.SuiteRunner.runTest(SuiteRunner.java:384)
at org.testng.SuiteRunner.runSequentially(SuiteRunner.java:378)
at org.testng.SuiteRunner.privateRun(SuiteRunner.java:337)
at org.testng.SuiteRunner.run(SuiteRunner.java:286)
at org.testng.SuiteRunnerWorker.runSuite(SuiteRunnerWorker.java:53)
at org.testng.SuiteRunnerWorker.run(SuiteRunnerWorker.java:96)
at org.testng.TestNG.runSuitesSequentially(TestNG.java:1187)
at org.testng.TestNG.runSuitesLocally(TestNG.java:1109)
at org.testng.TestNG.runSuites(TestNG.java:1039)
at org.testng.TestNG.run(TestNG.java:1007)
at org.testng.remote.AbstractRemoteTestNG.run(AbstractRemoteTestNG.java:115)
at org.testng.remote.RemoteTestNG.initAndRun(RemoteTestNG.java:251)
at org.testng.remote.RemoteTestNG.main(RemoteTestNG.java:77)
]]>
    </error>
  </testcase> <!-- DeleteEnvironment -->
  <system-out>
Clicking on element userMenuAppBar <img src=D:\BuildPiper3.2_Rahul\Reports\27Dec_180344\DeleteEnvironment_chrome\DeleteEnvironment_chrome_361_Dec_182734.jpg alt='Lamp' width='500' height='400'> Clicking on element switching to user account <img src=D:\BuildPiper3.2_Rahul\Reports\27Dec_180344\DeleteEnvironment_chrome\DeleteEnvironment_chrome_361_Dec_182734.jpg alt='Lamp' width='500' height='400'> Element is present :[[ChromeDriver: chrome on WINDOWS (08298e931999e9e9e7c2cfa11475f139)] -> xpath: //li//button[contains(@class,'app-cluster-button')]//span[@title]] <img src=D:\BuildPiper3.2_Rahul\Reports\27Dec_180344\DeleteEnvironment_chrome\DeleteEnvironment_chrome_361_Dec_182739.jpg alt='Lamp' width='500' height='400'> Element is present :[[ChromeDriver: chrome on WINDOWS (08298e931999e9e9e7c2cfa11475f139)] -> xpath: //div//a[contains(.,'Environment Overview')]] <img src=D:\BuildPiper3.2_Rahul\Reports\27Dec_180344\DeleteEnvironment_chrome\DeleteEnvironment_chrome_361_Dec_182809.jpg alt='Lamp' width='500' height='400'>  Element :[[ChromeDriver: chrome on WINDOWS (08298e931999e9e9e7c2cfa11475f139)] -> xpath: //div//a[contains(.,'Environment Overview')]] is not clickable using selenium click <img src=D:\BuildPiper3.2_Rahul\Reports\27Dec_180344\DeleteEnvironment_chrome\DeleteEnvironment_chrome_361_Dec_182840.jpg alt='Lamp' width='500' height='400'> Clicking on element clicks on environment overview tab under applicartion name <img src=D:\BuildPiper3.2_Rahul\Reports\27Dec_180344\DeleteEnvironment_chrome\DeleteEnvironment_chrome_361_Dec_182840.jpg alt='Lamp' width='500' height='400'> Element is present :[[ChromeDriver: chrome on WINDOWS (08298e931999e9e9e7c2cfa11475f139)] -> xpath: //a[text()='New Environment']] <img src=D:\BuildPiper3.2_Rahul\Reports\27Dec_180344\DeleteEnvironment_chrome\DeleteEnvironment_chrome_361_Dec_182840.jpg alt='Lamp' width='500' height='400'> Clicking on element clicks on add new environment button <img src=D:\BuildPiper3.2_Rahul\Reports\27Dec_180344\DeleteEnvironment_chrome\DeleteEnvironment_chrome_361_Dec_182841.jpg alt='Lamp' width='500' height='400'> Element is present :[[ChromeDriver: chrome on WINDOWS (08298e931999e9e9e7c2cfa11475f139)] -> xpath: //input[@placeholder='Environment Name']] <img src=D:\BuildPiper3.2_Rahul\Reports\27Dec_180344\DeleteEnvironment_chrome\DeleteEnvironment_chrome_361_Dec_182841.jpg alt='Lamp' width='500' height='400'> Setting value on element  <img src=D:\BuildPiper3.2_Rahul\Reports\27Dec_180344\DeleteEnvironment_chrome\DeleteEnvironment_chrome_361_Dec_182841.jpg alt='Lamp' width='500' height='400'> Clicking on element confirmPopup <img src=D:\BuildPiper3.2_Rahul\Reports\27Dec_180344\DeleteEnvironment_chrome\DeleteEnvironment_chrome_361_Dec_182844.jpg alt='Lamp' width='500' height='400'> Clicking on element confirmPopup <img src=D:\BuildPiper3.2_Rahul\Reports\27Dec_180344\DeleteEnvironment_chrome\DeleteEnvironment_chrome_361_Dec_182844.jpg alt='Lamp' width='500' height='400'> Exception while scroll to view of element:  Exception while scroll to view of element:   Element :Proxy element for: DefaultElementLocator 'By.xpath: //button[text()='Okay']' is not clickable using javaScript  Element :Proxy element for: DefaultElementLocator 'By.xpath: //button[text()='Okay']' is not clickable using selenium click <img src=D:\BuildPiper3.2_Rahul\Reports\27Dec_180344\DeleteEnvironment_chrome\DeleteEnvironment_chrome_361_Dec_182915.jpg alt='Lamp' width='500' height='400'> Clicking on element confirmPopup <img src=D:\BuildPiper3.2_Rahul\Reports\27Dec_180344\DeleteEnvironment_chrome\DeleteEnvironment_chrome_361_Dec_182915.jpg alt='Lamp' width='500' height='400'> Element is present :[[ChromeDriver: chrome on WINDOWS (08298e931999e9e9e7c2cfa11475f139)] -> xpath: //button[@class='btn btn-submit']] <img src=D:\BuildPiper3.2_Rahul\Reports\27Dec_180344\DeleteEnvironment_chrome\DeleteEnvironment_chrome_361_Dec_182915.jpg alt='Lamp' width='500' height='400'>  Element :Proxy element for: DefaultElementLocator 'By.xpath: //button[@class='btn btn-submit']' is not clickable using selenium click <img src=D:\BuildPiper3.2_Rahul\Reports\27Dec_180344\DeleteEnvironment_chrome\DeleteEnvironment_chrome_361_Dec_182917.jpg alt='Lamp' width='500' height='400'> Clicking on element user clicks save button <img src=D:\BuildPiper3.2_Rahul\Reports\27Dec_180344\DeleteEnvironment_chrome\DeleteEnvironment_chrome_361_Dec_182917.jpg alt='Lamp' width='500' height='400'> Clicking on element click on the delete Icon <img src=D:\BuildPiper3.2_Rahul\Reports\27Dec_180344\DeleteEnvironment_chrome\DeleteEnvironment_chrome_361_Dec_182925.jpg alt='Lamp' width='500' height='400'> ####### End of Test Case: DeleteEnvironment #######  </system-out>
</testsuite> <!-- com.buildpiper.testcases.EnvironmentTestcasesExecution -->
