<?xml version="1.0" encoding="UTF-8"?>
<!-- Generated by org.testng.reporters.JUnitReportReporter -->
<testsuite hostname="DESKTOP-PTF1H2O" failures="0" tests="1" name="com.buildpiper.testcases.BuildPiperTestcasesExecution" time="167.224" errors="1" timestamp="2023-12-28T10:41:57 IST" skipped="0">
  <testcase classname="com.buildpiper.testcases.BuildPiperTestcasesExecution" name="buildPipelineandValidate" time="167.224">
    <error message="no such element: Unable to locate element: {&quot;method&quot;:&quot;xpath&quot;,&quot;selector&quot;:&quot;//div[@class=&#039;tag-under-card&#039;]&quot;}
  (Session info: chrome=120.0.6099.130)
For documentation on this error, please visit: https://www.seleniumhq.org/exceptions/no_such_element.html
Build info: version: &#039;3.141.59&#039;, revision: &#039;e82be7d358&#039;, time: &#039;2018-11-14T08:17:03&#039;
System info: host: &#039;DESKTOP-PTF1H2O&#039;, ip: &#039;192.168.1.9&#039;, os.name: &#039;Windows 10&#039;, os.arch: &#039;amd64&#039;, os.version: &#039;10.0&#039;, java.version: &#039;19.0.1&#039;
Driver info: org.openqa.selenium.chrome.ChromeDriver
Capabilities {acceptInsecureCerts: false, browserName: chrome, browserVersion: 120.0.6099.130, chrome: {chromedriverVersion: 120.0.6099.109 (3419140ab66..., userDataDir: C:\Users\Rahul\AppData\Loca...}, fedcm:accounts: true, goog:chromeOptions: {debuggerAddress: localhost:53312}, javascriptEnabled: true, networkConnectionEnabled: false, pageLoadStrategy: normal, platform: WINDOWS, platformName: WINDOWS, proxy: Proxy(), setWindowRect: true, strictFileInteractability: false, timeouts: {implicit: 0, pageLoad: 300000, script: 30000}, unhandledPromptBehavior: dismiss and notify, webauthn:extension:credBlob: true, webauthn:extension:largeBlob: true, webauthn:extension:minPinLength: true, webauthn:extension:prf: true, webauthn:virtualAuthenticators: true}
Session ID: 48ebf37f4b7638a702fc772d3c2417fe
*** Element info: {Using=xpath, value=//div[@class=&#039;tag-under-card&#039;]}" type="org.openqa.selenium.NoSuchElementException">
      <![CDATA[org.openqa.selenium.NoSuchElementException: no such element: Unable to locate element: {"method":"xpath","selector":"//div[@class='tag-under-card']"}
  (Session info: chrome=120.0.6099.130)
For documentation on this error, please visit: https://www.seleniumhq.org/exceptions/no_such_element.html
Build info: version: '3.141.59', revision: 'e82be7d358', time: '2018-11-14T08:17:03'
System info: host: 'DESKTOP-PTF1H2O', ip: '192.168.1.9', os.name: 'Windows 10', os.arch: 'amd64', os.version: '10.0', java.version: '19.0.1'
Driver info: org.openqa.selenium.chrome.ChromeDriver
Capabilities {acceptInsecureCerts: false, browserName: chrome, browserVersion: 120.0.6099.130, chrome: {chromedriverVersion: 120.0.6099.109 (3419140ab66..., userDataDir: C:\Users\Rahul\AppData\Loca...}, fedcm:accounts: true, goog:chromeOptions: {debuggerAddress: localhost:53312}, javascriptEnabled: true, networkConnectionEnabled: false, pageLoadStrategy: normal, platform: WINDOWS, platformName: WINDOWS, proxy: Proxy(), setWindowRect: true, strictFileInteractability: false, timeouts: {implicit: 0, pageLoad: 300000, script: 30000}, unhandledPromptBehavior: dismiss and notify, webauthn:extension:credBlob: true, webauthn:extension:largeBlob: true, webauthn:extension:minPinLength: true, webauthn:extension:prf: true, webauthn:virtualAuthenticators: true}
Session ID: 48ebf37f4b7638a702fc772d3c2417fe
*** Element info: {Using=xpath, value=//div[@class='tag-under-card']}
at java.base/jdk.internal.reflect.DirectConstructorHandleAccessor.newInstance(DirectConstructorHandleAccessor.java:67)
at java.base/java.lang.reflect.Constructor.newInstanceWithCaller(Constructor.java:500)
at java.base/java.lang.reflect.Constructor.newInstance(Constructor.java:484)
at org.openqa.selenium.remote.http.W3CHttpResponseCodec.createException(W3CHttpResponseCodec.java:187)
at org.openqa.selenium.remote.http.W3CHttpResponseCodec.decode(W3CHttpResponseCodec.java:122)
at org.openqa.selenium.remote.http.W3CHttpResponseCodec.decode(W3CHttpResponseCodec.java:49)
at org.openqa.selenium.remote.HttpCommandExecutor.execute(HttpCommandExecutor.java:158)
at org.openqa.selenium.remote.service.DriverCommandExecutor.execute(DriverCommandExecutor.java:83)
at org.openqa.selenium.remote.RemoteWebDriver.execute(RemoteWebDriver.java:552)
at org.openqa.selenium.remote.RemoteWebDriver.findElement(RemoteWebDriver.java:323)
at org.openqa.selenium.remote.RemoteWebDriver.findElementByXPath(RemoteWebDriver.java:428)
at org.openqa.selenium.By$ByXPath.findElement(By.java:353)
at org.openqa.selenium.remote.RemoteWebDriver.findElement(RemoteWebDriver.java:315)
at org.openqa.selenium.support.pagefactory.DefaultElementLocator.findElement(DefaultElementLocator.java:69)
at org.openqa.selenium.support.pagefactory.internal.LocatingElementHandler.invoke(LocatingElementHandler.java:38)
at jdk.proxy2/jdk.proxy2.$Proxy26.getText(Unknown Source)
at com.buildpiper.pages.BuildPipeLinePage.createBuildandDeployPipeline(BuildPipeLinePage.java:1175)
at com.buildpiper.testcases.BuildPiperTestcasesExecution.buildPipelineandValidate(BuildPiperTestcasesExecution.java:215)
at java.base/jdk.internal.reflect.DirectMethodHandleAccessor.invoke(DirectMethodHandleAccessor.java:104)
at java.base/java.lang.reflect.Method.invoke(Method.java:578)
at org.testng.internal.MethodInvocationHelper.invokeMethod(MethodInvocationHelper.java:134)
at org.testng.internal.TestInvoker.invokeMethod(TestInvoker.java:597)
at org.testng.internal.TestInvoker.invokeTestMethod(TestInvoker.java:173)
at org.testng.internal.MethodRunner.runInSequence(MethodRunner.java:46)
at org.testng.internal.TestInvoker$MethodInvocationAgent.invoke(TestInvoker.java:816)
at org.testng.internal.TestInvoker.invokeTestMethods(TestInvoker.java:146)
at org.testng.internal.TestMethodWorker.invokeTestMethods(TestMethodWorker.java:146)
at org.testng.internal.TestMethodWorker.run(TestMethodWorker.java:128)
at java.base/java.util.ArrayList.forEach(ArrayList.java:1511)
at org.testng.TestRunner.privateRun(TestRunner.java:766)
at org.testng.TestRunner.run(TestRunner.java:587)
at org.testng.SuiteRunner.runTest(SuiteRunner.java:384)
at org.testng.SuiteRunner.runSequentially(SuiteRunner.java:378)
at org.testng.SuiteRunner.privateRun(SuiteRunner.java:337)
at org.testng.SuiteRunner.run(SuiteRunner.java:286)
at org.testng.SuiteRunnerWorker.runSuite(SuiteRunnerWorker.java:53)
at org.testng.SuiteRunnerWorker.run(SuiteRunnerWorker.java:96)
at org.testng.TestNG.runSuitesSequentially(TestNG.java:1187)
at org.testng.TestNG.runSuitesLocally(TestNG.java:1109)
at org.testng.TestNG.runSuites(TestNG.java:1039)
at org.testng.TestNG.run(TestNG.java:1007)
at org.testng.remote.AbstractRemoteTestNG.run(AbstractRemoteTestNG.java:115)
at org.testng.remote.RemoteTestNG.initAndRun(RemoteTestNG.java:251)
at org.testng.remote.RemoteTestNG.main(RemoteTestNG.java:77)
]]>
    </error>
  </testcase> <!-- buildPipelineandValidate -->
  <system-out>
Element :[[ChromeDriver: chrome on WINDOWS (48ebf37f4b7638a702fc772d3c2417fe)] -> xpath: //div[@aria-controls='simple-menu']//div//div[2]//p]is displayed on screen Clicking on element userMenuAppBar <img src=D:\BuildPiper3.2_Rahul\Reports\28Dec_103911\buildPipelineandValidate_chrome\buildPipelineandValidate_chrome_362_Dec_103925.jpg alt='Lamp' width='500' height='400'> Element :[[ChromeDriver: chrome on WINDOWS (48ebf37f4b7638a702fc772d3c2417fe)] -> xpath: //p[@class='inactive-portal cursor-pointer']]is displayed on screen Clicking on element switching to user account <img src=D:\BuildPiper3.2_Rahul\Reports\28Dec_103911\buildPipelineandValidate_chrome\buildPipelineandValidate_chrome_362_Dec_103925.jpg alt='Lamp' width='500' height='400'> Element :[[ChromeDriver: chrome on WINDOWS (48ebf37f4b7638a702fc772d3c2417fe)] -> xpath: //li//button[contains(@class,'app-cluster-button')]//span[@title]]is displayed on screen Element is present :[[ChromeDriver: chrome on WINDOWS (48ebf37f4b7638a702fc772d3c2417fe)] -> xpath: //li//button[contains(@class,'app-cluster-button')]//span[@title]] <img src=D:\BuildPiper3.2_Rahul\Reports\28Dec_103911\buildPipelineandValidate_chrome\buildPipelineandValidate_chrome_362_Dec_103930.jpg alt='Lamp' width='500' height='400'> Element :[[ChromeDriver: chrome on WINDOWS (48ebf37f4b7638a702fc772d3c2417fe)] -> xpath: //button//div//span[@class='flaticon-expand-arrow']/../../..//div//button//p[text()='Pipeline Overview']]is displayed on screen Clicking on element Poc_QA pipelineOverviewLink <img src=D:\BuildPiper3.2_Rahul\Reports\28Dec_103911\buildPipelineandValidate_chrome\buildPipelineandValidate_chrome_362_Dec_103931.jpg alt='Lamp' width='500' height='400'> Element :[[ChromeDriver: chrome on WINDOWS (48ebf37f4b7638a702fc772d3c2417fe)] -> xpath: //a[contains(text(),'Add Pipeline')]]is displayed on screen  Element :Proxy element for: DefaultElementLocator 'By.xpath: //a[contains(text(),'Add Pipeline')]' is not clickable using selenium click <img src=D:\BuildPiper3.2_Rahul\Reports\28Dec_103911\buildPipelineandValidate_chrome\buildPipelineandValidate_chrome_362_Dec_103932.jpg alt='Lamp' width='500' height='400'> Clicking on element clicks on add pipeline button <img src=D:\BuildPiper3.2_Rahul\Reports\28Dec_103911\buildPipelineandValidate_chrome\buildPipelineandValidate_chrome_362_Dec_103932.jpg alt='Lamp' width='500' height='400'> Element :[[ChromeDriver: chrome on WINDOWS (48ebf37f4b7638a702fc772d3c2417fe)] -> xpath: //div//input[@name='name' and @placeholder='Give a name to the pipeline']]is displayed on screen Setting value on element Gives unique name to pipeline <img src=D:\BuildPiper3.2_Rahul\Reports\28Dec_103911\buildPipelineandValidate_chrome\buildPipelineandValidate_chrome_362_Dec_103934.jpg alt='Lamp' width='500' height='400'> Element :[[ChromeDriver: chrome on WINDOWS (48ebf37f4b7638a702fc772d3c2417fe)] -> xpath: //input[@name='retention_execution_count' and @placeholder='Retention Count']]is displayed on screen Element :[[ChromeDriver: chrome on WINDOWS (48ebf37f4b7638a702fc772d3c2417fe)] -> xpath: //button[contains(@class,'btn-save btn')][text()='Save']]is displayed on screen  Element :Proxy element for: DefaultElementLocator 'By.xpath: //button[contains(@class,'btn-save btn')][text()='Save']' is not clickable using selenium click <img src=D:\BuildPiper3.2_Rahul\Reports\28Dec_103911\buildPipelineandValidate_chrome\buildPipelineandValidate_chrome_362_Dec_103943.jpg alt='Lamp' width='500' height='400'> Clicking on element clicks on save pipeline button <img src=D:\BuildPiper3.2_Rahul\Reports\28Dec_103911\buildPipelineandValidate_chrome\buildPipelineandValidate_chrome_362_Dec_103943.jpg alt='Lamp' width='500' height='400'> Element :[[ChromeDriver: chrome on WINDOWS (48ebf37f4b7638a702fc772d3c2417fe)] -> xpath: //button//div//span[@class='flaticon-expand-arrow']/../../..//div//button//p[text()='Pipeline Overview']]is displayed on screen Clicking on element Poc_QA pipelineOverviewLink <img src=D:\BuildPiper3.2_Rahul\Reports\28Dec_103911\buildPipelineandValidate_chrome\buildPipelineandValidate_chrome_362_Dec_103948.jpg alt='Lamp' width='500' height='400'> Element :[[ChromeDriver: chrome on WINDOWS (48ebf37f4b7638a702fc772d3c2417fe)] -> xpath: (//*[contains(@class,'ad-more-search mb-')]/div/div//*[@class='MuiSvgIcon-root'])[1]]is displayed on screen Element is present :[[ChromeDriver: chrome on WINDOWS (48ebf37f4b7638a702fc772d3c2417fe)] -> xpath: (//*[contains(@class,'ad-more-search mb-')]/div/div//*[@class='MuiSvgIcon-root'])[1]] <img src=D:\BuildPiper3.2_Rahul\Reports\28Dec_103911\buildPipelineandValidate_chrome\buildPipelineandValidate_chrome_362_Dec_103952.jpg alt='Lamp' width='500' height='400'> Element :[[ChromeDriver: chrome on WINDOWS (48ebf37f4b7638a702fc772d3c2417fe)] -> xpath: (//*[contains(@class,'ad-more-search mb-')]/div/div//*[@class='MuiSvgIcon-root'])[1]]is displayed on screen Clicking on element searchDropDown <img src=D:\BuildPiper3.2_Rahul\Reports\28Dec_103911\buildPipelineandValidate_chrome\buildPipelineandValidate_chrome_362_Dec_103953.jpg alt='Lamp' width='500' height='400'> Element :[[ChromeDriver: chrome on WINDOWS (48ebf37f4b7638a702fc772d3c2417fe)] -> xpath: //input[@class='search-input-si']]is displayed on screen Clicking on element searchPipelineCheckbox <img src=D:\BuildPiper3.2_Rahul\Reports\28Dec_103911\buildPipelineandValidate_chrome\buildPipelineandValidate_chrome_362_Dec_104023.jpg alt='Lamp' width='500' height='400'> Element :[[ChromeDriver: chrome on WINDOWS (48ebf37f4b7638a702fc772d3c2417fe)] -> xpath: //span[@title='Edit Pipeline']/a]is displayed on screen Clicking on element clicks on edit pipeline Link <img src=D:\BuildPiper3.2_Rahul\Reports\28Dec_103911\buildPipelineandValidate_chrome\buildPipelineandValidate_chrome_362_Dec_104034.jpg alt='Lamp' width='500' height='400'> Element :[[ChromeDriver: chrome on WINDOWS (48ebf37f4b7638a702fc772d3c2417fe)] -> xpath: //button//div[@class='text-btn'][text()='Add New Stage']]is displayed on screen Clicking on element adds first stage <img src=D:\BuildPiper3.2_Rahul\Reports\28Dec_103911\buildPipelineandValidate_chrome\buildPipelineandValidate_chrome_362_Dec_104038.jpg alt='Lamp' width='500' height='400'> Element :[[ChromeDriver: chrome on WINDOWS (48ebf37f4b7638a702fc772d3c2417fe)] -> xpath: //input[@name='name' and @placeholder='Stage name goes here']]is displayed on screen Element is present :[[ChromeDriver: chrome on WINDOWS (48ebf37f4b7638a702fc772d3c2417fe)] -> xpath: //input[@name='name' and @placeholder='Stage name goes here']] <img src=D:\BuildPiper3.2_Rahul\Reports\28Dec_103911\buildPipelineandValidate_chrome\buildPipelineandValidate_chrome_362_Dec_104039.jpg alt='Lamp' width='500' height='400'> Element :[[ChromeDriver: chrome on WINDOWS (48ebf37f4b7638a702fc772d3c2417fe)] -> xpath: //input[@name='name' and @placeholder='Stage name goes here']]is displayed on screen Setting value on element sets first stage name <img src=D:\BuildPiper3.2_Rahul\Reports\28Dec_103911\buildPipelineandValidate_chrome\buildPipelineandValidate_chrome_362_Dec_104039.jpg alt='Lamp' width='500' height='400'> Element :[[ChromeDriver: chrome on WINDOWS (48ebf37f4b7638a702fc772d3c2417fe)] -> xpath: //div[@class='btn btn-add'][text()='ADD']]is displayed on screen Clicking on element adds button for first stage <img src=D:\BuildPiper3.2_Rahul\Reports\28Dec_103911\buildPipelineandValidate_chrome\buildPipelineandValidate_chrome_362_Dec_104044.jpg alt='Lamp' width='500' height='400'> Element :[[ChromeDriver: chrome on WINDOWS (48ebf37f4b7638a702fc772d3c2417fe)] -> xpath: //div[@class='text-btn'][text()='Add New Job ']]is displayed on screen Element is present :[[ChromeDriver: chrome on WINDOWS (48ebf37f4b7638a702fc772d3c2417fe)] -> xpath: //div[@class='text-btn'][text()='Add New Job ']] <img src=D:\BuildPiper3.2_Rahul\Reports\28Dec_103911\buildPipelineandValidate_chrome\buildPipelineandValidate_chrome_362_Dec_104045.jpg alt='Lamp' width='500' height='400'> Element :[[ChromeDriver: chrome on WINDOWS (48ebf37f4b7638a702fc772d3c2417fe)] -> xpath: //div[@class='text-btn'][text()='Add New Job ']]is displayed on screen Element is present :[[ChromeDriver: chrome on WINDOWS (48ebf37f4b7638a702fc772d3c2417fe)] -> xpath: //div[@class='text-btn'][text()='Add New Job ']] <img src=D:\BuildPiper3.2_Rahul\Reports\28Dec_103911\buildPipelineandValidate_chrome\buildPipelineandValidate_chrome_362_Dec_104045.jpg alt='Lamp' width='500' height='400'> Element :[[ChromeDriver: chrome on WINDOWS (48ebf37f4b7638a702fc772d3c2417fe)] -> xpath: //div[@class='text-btn'][text()='Add New Job ']]is displayed on screen Clicking on element clicks on new job <img src=D:\BuildPiper3.2_Rahul\Reports\28Dec_103911\buildPipelineandValidate_chrome\buildPipelineandValidate_chrome_362_Dec_104045.jpg alt='Lamp' width='500' height='400'> Element :[[ChromeDriver: chrome on WINDOWS (48ebf37f4b7638a702fc772d3c2417fe)] -> xpath: //select[@name='task_type' and @class='select']]is displayed on screen Element is present :[[ChromeDriver: chrome on WINDOWS (48ebf37f4b7638a702fc772d3c2417fe)] -> xpath: //select[@name='task_type' and @class='select']] <img src=D:\BuildPiper3.2_Rahul\Reports\28Dec_103911\buildPipelineandValidate_chrome\buildPipelineandValidate_chrome_362_Dec_104045.jpg alt='Lamp' width='500' height='400'> Element :[[ChromeDriver: chrome on WINDOWS (48ebf37f4b7638a702fc772d3c2417fe)] -> xpath: //span[text()='automation-682046mu117xjpt']]is displayed on screen Element is present :[[ChromeDriver: chrome on WINDOWS (48ebf37f4b7638a702fc772d3c2417fe)] -> xpath: //span[text()='automation-682046mu117xjpt']] <img src=D:\BuildPiper3.2_Rahul\Reports\28Dec_103911\buildPipelineandValidate_chrome\buildPipelineandValidate_chrome_362_Dec_104047.jpg alt='Lamp' width='500' height='400'> Element :[[ChromeDriver: chrome on WINDOWS (48ebf37f4b7638a702fc772d3c2417fe)] -> xpath: //span[text()='automation-682046mu117xjpt']]is displayed on screen Clicking on element selects service component under the env <img src=D:\BuildPiper3.2_Rahul\Reports\28Dec_103911\buildPipelineandValidate_chrome\buildPipelineandValidate_chrome_362_Dec_104047.jpg alt='Lamp' width='500' height='400'> Element :[[ChromeDriver: chrome on WINDOWS (48ebf37f4b7638a702fc772d3c2417fe)] -> xpath: //input[@name='open']/following-sibling::span[2]]is displayed on screen Clicking on element conditionalRule <img src=D:\BuildPiper3.2_Rahul\Reports\28Dec_103911\buildPipelineandValidate_chrome\buildPipelineandValidate_chrome_362_Dec_104047.jpg alt='Lamp' width='500' height='400'> Element :[[ChromeDriver: chrome on WINDOWS (48ebf37f4b7638a702fc772d3c2417fe)] -> xpath: //span[text()='Add Conditions']]is displayed on screen Clicking on element addConditionButton <img src=D:\BuildPiper3.2_Rahul\Reports\28Dec_103911\buildPipelineandValidate_chrome\buildPipelineandValidate_chrome_362_Dec_104048.jpg alt='Lamp' width='500' height='400'> Element :[[ChromeDriver: chrome on WINDOWS (48ebf37f4b7638a702fc772d3c2417fe)] -> xpath: //div[@class='btn btn-add'][text()='ADD']]is displayed on screen Clicking on element clicks add stage btn <img src=D:\BuildPiper3.2_Rahul\Reports\28Dec_103911\buildPipelineandValidate_chrome\buildPipelineandValidate_chrome_362_Dec_104048.jpg alt='Lamp' width='500' height='400'> Element :[[ChromeDriver: chrome on WINDOWS (48ebf37f4b7638a702fc772d3c2417fe)] -> xpath: //button[contains(@class,'btn-save')]]is displayed on screen Element is present :[[ChromeDriver: chrome on WINDOWS (48ebf37f4b7638a702fc772d3c2417fe)] -> xpath: //button[contains(@class,'btn-save')]] <img src=D:\BuildPiper3.2_Rahul\Reports\28Dec_103911\buildPipelineandValidate_chrome\buildPipelineandValidate_chrome_362_Dec_104051.jpg alt='Lamp' width='500' height='400'> Element :[[ChromeDriver: chrome on WINDOWS (48ebf37f4b7638a702fc772d3c2417fe)] -> xpath: //button[contains(@class,'btn-save')]]is displayed on screen Clicking on element clicks save workflow btn <img src=D:\BuildPiper3.2_Rahul\Reports\28Dec_103911\buildPipelineandValidate_chrome\buildPipelineandValidate_chrome_362_Dec_104052.jpg alt='Lamp' width='500' height='400'> Element :[[ChromeDriver: chrome on WINDOWS (48ebf37f4b7638a702fc772d3c2417fe)] -> xpath: //button//div//span[@class='flaticon-expand-arrow']/../../..//div//button//p[text()='Pipeline Overview']]is displayed on screen Clicking on element Poc_QA pipelineOverviewLink <img src=D:\BuildPiper3.2_Rahul\Reports\28Dec_103911\buildPipelineandValidate_chrome\buildPipelineandValidate_chrome_362_Dec_104102.jpg alt='Lamp' width='500' height='400'> Element :[[ChromeDriver: chrome on WINDOWS (48ebf37f4b7638a702fc772d3c2417fe)] -> xpath: (//*[contains(@class,'ad-more-search mb-')]/div/div//*[@class='MuiSvgIcon-root'])[1]]is displayed on screen Element is present :[[ChromeDriver: chrome on WINDOWS (48ebf37f4b7638a702fc772d3c2417fe)] -> xpath: (//*[contains(@class,'ad-more-search mb-')]/div/div//*[@class='MuiSvgIcon-root'])[1]] <img src=D:\BuildPiper3.2_Rahul\Reports\28Dec_103911\buildPipelineandValidate_chrome\buildPipelineandValidate_chrome_362_Dec_104105.jpg alt='Lamp' width='500' height='400'> Element :[[ChromeDriver: chrome on WINDOWS (48ebf37f4b7638a702fc772d3c2417fe)] -> xpath: (//*[contains(@class,'ad-more-search mb-')]/div/div//*[@class='MuiSvgIcon-root'])[1]]is displayed on screen Clicking on element searchDropDown <img src=D:\BuildPiper3.2_Rahul\Reports\28Dec_103911\buildPipelineandValidate_chrome\buildPipelineandValidate_chrome_362_Dec_104105.jpg alt='Lamp' width='500' height='400'> Element :[[ChromeDriver: chrome on WINDOWS (48ebf37f4b7638a702fc772d3c2417fe)] -> xpath: //input[@class='search-input-si']]is displayed on screen Clicking on element searchPipelineCheckbox <img src=D:\BuildPiper3.2_Rahul\Reports\28Dec_103911\buildPipelineandValidate_chrome\buildPipelineandValidate_chrome_362_Dec_104136.jpg alt='Lamp' width='500' height='400'> Element :[[ChromeDriver: chrome on WINDOWS (48ebf37f4b7638a702fc772d3c2417fe)] -> xpath: //span[@title='Run Pipeline']/button]is displayed on screen Element is present :[[ChromeDriver: chrome on WINDOWS (48ebf37f4b7638a702fc772d3c2417fe)] -> xpath: //span[@title='Run Pipeline']/button] <img src=D:\BuildPiper3.2_Rahul\Reports\28Dec_103911\buildPipelineandValidate_chrome\buildPipelineandValidate_chrome_362_Dec_104152.jpg alt='Lamp' width='500' height='400'> Element :[[ChromeDriver: chrome on WINDOWS (48ebf37f4b7638a702fc772d3c2417fe)] -> xpath: //span[@title='Run Pipeline']/button]is displayed on screen Clicking on element pipeline execution Start <img src=D:\BuildPiper3.2_Rahul\Reports\28Dec_103911\buildPipelineandValidate_chrome\buildPipelineandValidate_chrome_362_Dec_104152.jpg alt='Lamp' width='500' height='400'> Element :[[ChromeDriver: chrome on WINDOWS (48ebf37f4b7638a702fc772d3c2417fe)] -> xpath: //a[contains(text(),'BasicPipeline')]]is displayed on screen Element is present :[[ChromeDriver: chrome on WINDOWS (48ebf37f4b7638a702fc772d3c2417fe)] -> xpath: //a[contains(text(),'BasicPipeline')]] <img src=D:\BuildPiper3.2_Rahul\Reports\28Dec_103911\buildPipelineandValidate_chrome\buildPipelineandValidate_chrome_362_Dec_104154.jpg alt='Lamp' width='500' height='400'> Element :[[ChromeDriver: chrome on WINDOWS (48ebf37f4b7638a702fc772d3c2417fe)] -> xpath: //a[contains(text(),'BasicPipeline')]]is displayed on screen Clicking on element clicks pipeline hyperlink <img src=D:\BuildPiper3.2_Rahul\Reports\28Dec_103911\buildPipelineandValidate_chrome\buildPipelineandValidate_chrome_362_Dec_104155.jpg alt='Lamp' width='500' height='400'> Result upload to testlink is disabled, Please ensure you have 'UpdateTestLink=Yes' in project.properties  ####### End of Test Case: buildPipelineandValidate #######  </system-out>
</testsuite> <!-- com.buildpiper.testcases.BuildPiperTestcasesExecution -->
