<?xml version="1.0" encoding="UTF-8"?>
<!-- Generated by org.testng.reporters.JUnitXMLReporter -->
<testsuite ignored="44" hostname="DESKTOP-PTF1H2O" failures="6" tests="16" name="RegressionSuite" time="2321.779" errors="0" timestamp="2023-12-27T18:42:27 IST">
  <testcase classname="com.buildpiper.testcases.ServiceCreationTestcases" name="EditandDeleteService" time="122.378">
    <failure type="java.lang.AssertionError" message="Element deletePopupInputField Not present on screen, Exception: org.openqa.selenium.NoSuchElementException: no such element: Unable to locate element: {&amp;quot;method&amp;quot;:&amp;quot;xpath&amp;quot;,&amp;quot;selector&amp;quot;:&amp;quot;//input[@placeholder=&amp;apos;Please enter the reason to delete&amp;apos;]&amp;quot;}
  (Session info: chrome=120.0.6099.130)
For documentation on this error, please visit: https://www.seleniumhq.org/exceptions/no_such_element.html
Build info: version: &amp;apos;3.141.59&amp;apos;, revision: &amp;apos;e82be7d358&amp;apos;, time: &amp;apos;2018-11-14T08:17:03&amp;apos;
System info: host: &amp;apos;DESKTOP-PTF1H2O&amp;apos;, ip: &amp;apos;192.168.1.9&amp;apos;, os.name: &amp;apos;Windows 10&amp;apos;, os.arch: &amp;apos;amd64&amp;apos;, os.version: &amp;apos;10.0&amp;apos;, java.version: &amp;apos;19.0.1&amp;apos;
Driver info: org.openqa.selenium.chrome.ChromeDriver
Capabilities {acceptInsecureCerts: false, browserName: chrome, browserVersion: 120.0.6099.130, chrome: {chromedriverVersion: 120.0.6099.109 (3419140ab66..., userDataDir: C:\Users\Rahul\AppData\Loca...}, fedcm:accounts: true, goog:chromeOptions: {debuggerAddress: localhost:60712}, javascriptEnabled: true, networkConnectionEnabled: false, pageLoadStrategy: normal, platform: WINDOWS, platformName: WINDOWS, proxy: Proxy(), setWindowRect: true, strictFileInteractability: false, timeouts: {implicit: 0, pageLoad: 300000, script: 30000}, unhandledPromptBehavior: dismiss and notify, webauthn:extension:credBlob: true, webauthn:extension:largeBlob: true, webauthn:extension:minPinLength: true, webauthn:extension:prf: true, webauthn:virtualAuthenticators: true}
Session ID: 5e47c6bc8caa6acf571804845c444b09
*** Element info: {Using=xpath, value=//input[@placeholder=&amp;apos;Please enter the reason to delete&amp;apos;]}">
      <![CDATA[java.lang.AssertionError: Element deletePopupInputField Not present on screen, Exception: org.openqa.selenium.NoSuchElementException: no such element: Unable to locate element: {"method":"xpath","selector":"//input[@placeholder='Please enter the reason to delete']"}
  (Session info: chrome=120.0.6099.130)
For documentation on this error, please visit: https://www.seleniumhq.org/exceptions/no_such_element.html
Build info: version: '3.141.59', revision: 'e82be7d358', time: '2018-11-14T08:17:03'
System info: host: 'DESKTOP-PTF1H2O', ip: '192.168.1.9', os.name: 'Windows 10', os.arch: 'amd64', os.version: '10.0', java.version: '19.0.1'
Driver info: org.openqa.selenium.chrome.ChromeDriver
Capabilities {acceptInsecureCerts: false, browserName: chrome, browserVersion: 120.0.6099.130, chrome: {chromedriverVersion: 120.0.6099.109 (3419140ab66..., userDataDir: C:\Users\Rahul\AppData\Loca...}, fedcm:accounts: true, goog:chromeOptions: {debuggerAddress: localhost:60712}, javascriptEnabled: true, networkConnectionEnabled: false, pageLoadStrategy: normal, platform: WINDOWS, platformName: WINDOWS, proxy: Proxy(), setWindowRect: true, strictFileInteractability: false, timeouts: {implicit: 0, pageLoad: 300000, script: 30000}, unhandledPromptBehavior: dismiss and notify, webauthn:extension:credBlob: true, webauthn:extension:largeBlob: true, webauthn:extension:minPinLength: true, webauthn:extension:prf: true, webauthn:virtualAuthenticators: true}
Session ID: 5e47c6bc8caa6acf571804845c444b09
*** Element info: {Using=xpath, value=//input[@placeholder='Please enter the reason to delete']}
at com.buildpiper.capabilities.UICapability.ui_setvalue(UICapability.java:110)
at com.buildpiper.base.Capability.ui_setvalue(Capability.java:138)
at com.buildpiper.pages.ServiceCreationPage.deleteService(ServiceCreationPage.java:1406)
at com.buildpiper.testcases.ServiceCreationTestcases.EditandDeleteService(ServiceCreationTestcases.java:177)
at java.base/java.util.ArrayList.forEach(ArrayList.java:1511)
... Removed 26 stack frames]]>
    </failure>
  </testcase> <!-- EditandDeleteService -->
  <testcase classname="com.buildpiper.testcases.ServiceCreationTestcases" name="EditandDeleteServiceEnvironment" time="236.935"/>
  <testcase classname="com.buildpiper.testcases.ServiceCreationTestcases" name="createServ" time="256.164"/>
  <testcase classname="com.buildpiper.testcases.ServiceCreationTestcases" name="BuildDeployAlternate" time="177.707"/>
  <testcase classname="com.buildpiper.testcases.ServiceCreationComprehensiveTestCases" name="serviceOverview_Promote" time="381.739">
    <failure type="org.openqa.selenium.NoSuchElementException" message="no such element: Unable to locate element: {&amp;quot;method&amp;quot;:&amp;quot;xpath&amp;quot;,&amp;quot;selector&amp;quot;:&amp;quot;//div[@class=&amp;apos;round-chip bg-round-blue status-font&amp;apos;]&amp;quot;}
  (Session info: chrome=120.0.6099.130)
For documentation on this error, please visit: https://www.seleniumhq.org/exceptions/no_such_element.html
Build info: version: &amp;apos;3.141.59&amp;apos;, revision: &amp;apos;e82be7d358&amp;apos;, time: &amp;apos;2018-11-14T08:17:03&amp;apos;
System info: host: &amp;apos;DESKTOP-PTF1H2O&amp;apos;, ip: &amp;apos;192.168.1.9&amp;apos;, os.name: &amp;apos;Windows 10&amp;apos;, os.arch: &amp;apos;amd64&amp;apos;, os.version: &amp;apos;10.0&amp;apos;, java.version: &amp;apos;19.0.1&amp;apos;
Driver info: org.openqa.selenium.chrome.ChromeDriver
Capabilities {acceptInsecureCerts: false, browserName: chrome, browserVersion: 120.0.6099.130, chrome: {chromedriverVersion: 120.0.6099.109 (3419140ab66..., userDataDir: C:\Users\Rahul\AppData\Loca...}, fedcm:accounts: true, goog:chromeOptions: {debuggerAddress: localhost:61034}, javascriptEnabled: true, networkConnectionEnabled: false, pageLoadStrategy: normal, platform: WINDOWS, platformName: WINDOWS, proxy: Proxy(), setWindowRect: true, strictFileInteractability: false, timeouts: {implicit: 0, pageLoad: 300000, script: 30000}, unhandledPromptBehavior: dismiss and notify, webauthn:extension:credBlob: true, webauthn:extension:largeBlob: true, webauthn:extension:minPinLength: true, webauthn:extension:prf: true, webauthn:virtualAuthenticators: true}
Session ID: b926fa9db45bcf1f8db82bb61149e767
*** Element info: {Using=xpath, value=//div[@class=&amp;apos;round-chip bg-round-blue status-font&amp;apos;]}">
      <![CDATA[org.openqa.selenium.NoSuchElementException: no such element: Unable to locate element: {"method":"xpath","selector":"//div[@class='round-chip bg-round-blue status-font']"}
  (Session info: chrome=120.0.6099.130)
For documentation on this error, please visit: https://www.seleniumhq.org/exceptions/no_such_element.html
Build info: version: '3.141.59', revision: 'e82be7d358', time: '2018-11-14T08:17:03'
System info: host: 'DESKTOP-PTF1H2O', ip: '192.168.1.9', os.name: 'Windows 10', os.arch: 'amd64', os.version: '10.0', java.version: '19.0.1'
Driver info: org.openqa.selenium.chrome.ChromeDriver
Capabilities {acceptInsecureCerts: false, browserName: chrome, browserVersion: 120.0.6099.130, chrome: {chromedriverVersion: 120.0.6099.109 (3419140ab66..., userDataDir: C:\Users\Rahul\AppData\Loca...}, fedcm:accounts: true, goog:chromeOptions: {debuggerAddress: localhost:61034}, javascriptEnabled: true, networkConnectionEnabled: false, pageLoadStrategy: normal, platform: WINDOWS, platformName: WINDOWS, proxy: Proxy(), setWindowRect: true, strictFileInteractability: false, timeouts: {implicit: 0, pageLoad: 300000, script: 30000}, unhandledPromptBehavior: dismiss and notify, webauthn:extension:credBlob: true, webauthn:extension:largeBlob: true, webauthn:extension:minPinLength: true, webauthn:extension:prf: true, webauthn:virtualAuthenticators: true}
Session ID: b926fa9db45bcf1f8db82bb61149e767
*** Element info: {Using=xpath, value=//div[@class='round-chip bg-round-blue status-font']}
at org.openqa.selenium.remote.http.W3CHttpResponseCodec.createException(W3CHttpResponseCodec.java:187)
at org.openqa.selenium.remote.http.W3CHttpResponseCodec.decode(W3CHttpResponseCodec.java:122)
at org.openqa.selenium.remote.http.W3CHttpResponseCodec.decode(W3CHttpResponseCodec.java:49)
at org.openqa.selenium.remote.HttpCommandExecutor.execute(HttpCommandExecutor.java:158)
at org.openqa.selenium.remote.service.DriverCommandExecutor.execute(DriverCommandExecutor.java:83)
at org.openqa.selenium.remote.RemoteWebDriver.execute(RemoteWebDriver.java:552)
at org.openqa.selenium.remote.RemoteWebDriver.findElement(RemoteWebDriver.java:323)
at org.openqa.selenium.remote.RemoteWebDriver.findElementByXPath(RemoteWebDriver.java:428)
at org.openqa.selenium.By$ByXPath.findElement(By.java:353)
at org.openqa.selenium.remote.RemoteWebDriver.findElement(RemoteWebDriver.java:315)
at org.openqa.selenium.support.pagefactory.DefaultElementLocator.findElement(DefaultElementLocator.java:69)
at org.openqa.selenium.support.pagefactory.internal.LocatingElementHandler.invoke(LocatingElementHandler.java:38)
at jdk.proxy2/jdk.proxy2.$Proxy26.isDisplayed(Unknown Source)
at com.buildpiper.capabilities.UICapability.ui_IsElementDisplay(UICapability.java:188)
at com.buildpiper.base.Capability.ui_IsElementDisplay(Capability.java:265)
at com.buildpiper.pages.ServiceCreationPage.Verify_buildStatus(ServiceCreationPage.java:1302)
at com.buildpiper.testcases.ServiceCreationComprehensiveTestCases.serviceOverview_Promote(ServiceCreationComprehensiveTestCases.java:269)
at java.base/java.util.ArrayList.forEach(ArrayList.java:1511)
... Removed 28 stack frames]]>
    </failure>
  </testcase> <!-- serviceOverview_Promote -->
  <testcase classname="com.buildpiper.testcases.EnvironmentTestcasesExecution" name="CreateEnvironment" time="179.003"/>
  <testcase classname="com.buildpiper.testcases.EnvironmentTestcasesExecution" name="DeleteEnvironment" time="144.229">
    <failure type="org.openqa.selenium.NoSuchElementException" message="no such element: Unable to locate element: {&amp;quot;method&amp;quot;:&amp;quot;xpath&amp;quot;,&amp;quot;selector&amp;quot;:&amp;quot;//input[@name=&amp;apos;remarks&amp;apos; and @placeholder=&amp;apos;Please enter the reason to delete&amp;apos;]&amp;quot;}
  (Session info: chrome=120.0.6099.130)
For documentation on this error, please visit: https://www.seleniumhq.org/exceptions/no_such_element.html
Build info: version: &amp;apos;3.141.59&amp;apos;, revision: &amp;apos;e82be7d358&amp;apos;, time: &amp;apos;2018-11-14T08:17:03&amp;apos;
System info: host: &amp;apos;DESKTOP-PTF1H2O&amp;apos;, ip: &amp;apos;192.168.1.9&amp;apos;, os.name: &amp;apos;Windows 10&amp;apos;, os.arch: &amp;apos;amd64&amp;apos;, os.version: &amp;apos;10.0&amp;apos;, java.version: &amp;apos;19.0.1&amp;apos;
Driver info: org.openqa.selenium.chrome.ChromeDriver
Capabilities {acceptInsecureCerts: false, browserName: chrome, browserVersion: 120.0.6099.130, chrome: {chromedriverVersion: 120.0.6099.109 (3419140ab66..., userDataDir: C:\Users\Rahul\AppData\Loca...}, fedcm:accounts: true, goog:chromeOptions: {debuggerAddress: localhost:61196}, javascriptEnabled: true, networkConnectionEnabled: false, pageLoadStrategy: normal, platform: WINDOWS, platformName: WINDOWS, proxy: Proxy(), setWindowRect: true, strictFileInteractability: false, timeouts: {implicit: 0, pageLoad: 300000, script: 30000}, unhandledPromptBehavior: dismiss and notify, webauthn:extension:credBlob: true, webauthn:extension:largeBlob: true, webauthn:extension:minPinLength: true, webauthn:extension:prf: true, webauthn:virtualAuthenticators: true}
Session ID: 08298e931999e9e9e7c2cfa11475f139
*** Element info: {Using=xpath, value=//input[@name=&amp;apos;remarks&amp;apos; and @placeholder=&amp;apos;Please enter the reason to delete&amp;apos;]}">
      <![CDATA[org.openqa.selenium.NoSuchElementException: no such element: Unable to locate element: {"method":"xpath","selector":"//input[@name='remarks' and @placeholder='Please enter the reason to delete']"}
  (Session info: chrome=120.0.6099.130)
For documentation on this error, please visit: https://www.seleniumhq.org/exceptions/no_such_element.html
Build info: version: '3.141.59', revision: 'e82be7d358', time: '2018-11-14T08:17:03'
System info: host: 'DESKTOP-PTF1H2O', ip: '192.168.1.9', os.name: 'Windows 10', os.arch: 'amd64', os.version: '10.0', java.version: '19.0.1'
Driver info: org.openqa.selenium.chrome.ChromeDriver
Capabilities {acceptInsecureCerts: false, browserName: chrome, browserVersion: 120.0.6099.130, chrome: {chromedriverVersion: 120.0.6099.109 (3419140ab66..., userDataDir: C:\Users\Rahul\AppData\Loca...}, fedcm:accounts: true, goog:chromeOptions: {debuggerAddress: localhost:61196}, javascriptEnabled: true, networkConnectionEnabled: false, pageLoadStrategy: normal, platform: WINDOWS, platformName: WINDOWS, proxy: Proxy(), setWindowRect: true, strictFileInteractability: false, timeouts: {implicit: 0, pageLoad: 300000, script: 30000}, unhandledPromptBehavior: dismiss and notify, webauthn:extension:credBlob: true, webauthn:extension:largeBlob: true, webauthn:extension:minPinLength: true, webauthn:extension:prf: true, webauthn:virtualAuthenticators: true}
Session ID: 08298e931999e9e9e7c2cfa11475f139
*** Element info: {Using=xpath, value=//input[@name='remarks' and @placeholder='Please enter the reason to delete']}
at org.openqa.selenium.remote.http.W3CHttpResponseCodec.createException(W3CHttpResponseCodec.java:187)
at org.openqa.selenium.remote.http.W3CHttpResponseCodec.decode(W3CHttpResponseCodec.java:122)
at org.openqa.selenium.remote.http.W3CHttpResponseCodec.decode(W3CHttpResponseCodec.java:49)
at org.openqa.selenium.remote.HttpCommandExecutor.execute(HttpCommandExecutor.java:158)
at org.openqa.selenium.remote.service.DriverCommandExecutor.execute(DriverCommandExecutor.java:83)
at org.openqa.selenium.remote.RemoteWebDriver.execute(RemoteWebDriver.java:552)
at org.openqa.selenium.remote.RemoteWebDriver.findElement(RemoteWebDriver.java:323)
at org.openqa.selenium.remote.RemoteWebDriver.findElementByXPath(RemoteWebDriver.java:428)
at org.openqa.selenium.By$ByXPath.findElement(By.java:353)
at org.openqa.selenium.remote.RemoteWebDriver.findElement(RemoteWebDriver.java:315)
at org.openqa.selenium.support.pagefactory.DefaultElementLocator.findElement(DefaultElementLocator.java:69)
at org.openqa.selenium.support.pagefactory.internal.LocatingElementHandler.invoke(LocatingElementHandler.java:38)
at jdk.proxy2/jdk.proxy2.$Proxy26.sendKeys(Unknown Source)
at com.buildpiper.capabilities.UICapability.ui_clearUsingJavaScript(UICapability.java:574)
at com.buildpiper.capabilities.UICapability.ui_clearText(UICapability.java:526)
at com.buildpiper.capabilities.UICapability.ui_clearAndSetValue(UICapability.java:514)
at com.buildpiper.base.Capability.ui_clearAndSetValue(Capability.java:346)
at com.buildpiper.pages.EnvironmentCreationPage.DeleteEmptyEnvironment(EnvironmentCreationPage.java:359)
at com.buildpiper.testcases.EnvironmentTestcasesExecution.DeleteEnvironment(EnvironmentTestcasesExecution.java:218)
at java.base/java.util.ArrayList.forEach(ArrayList.java:1511)
... Removed 28 stack frames]]>
    </failure>
  </testcase> <!-- DeleteEnvironment -->
  <testcase classname="com.buildpiper.testcases.EnvironmentTestcasesExecution" name="EnvironmentLevelSearch" time="73.848">
    <failure type="java.lang.AssertionError" message="expected [true] but found [false]">
      <![CDATA[java.lang.AssertionError: expected [true] but found [false]
at com.buildpiper.pages.EnvironmentCreationPage.SeacrhEnvironment(EnvironmentCreationPage.java:276)
at com.buildpiper.testcases.EnvironmentTestcasesExecution.EnvironmentLevelSearch(EnvironmentTestcasesExecution.java:196)
at java.base/java.util.ArrayList.forEach(ArrayList.java:1511)
... Removed 29 stack frames]]>
    </failure>
  </testcase> <!-- EnvironmentLevelSearch -->
  <testcase classname="com.buildpiper.testcases.BuildPiperTestcasesExecution" name="BuildPipeLine" time="82.969">
    <failure type="org.openqa.selenium.NoSuchElementException" message="no such element: Unable to locate element: {&amp;quot;method&amp;quot;:&amp;quot;xpath&amp;quot;,&amp;quot;selector&amp;quot;:&amp;quot;//button[@title=&amp;apos;Replay Pipeline&amp;apos;]&amp;quot;}
  (Session info: chrome=120.0.6099.130)
For documentation on this error, please visit: https://www.seleniumhq.org/exceptions/no_such_element.html
Build info: version: &amp;apos;3.141.59&amp;apos;, revision: &amp;apos;e82be7d358&amp;apos;, time: &amp;apos;2018-11-14T08:17:03&amp;apos;
System info: host: &amp;apos;DESKTOP-PTF1H2O&amp;apos;, ip: &amp;apos;192.168.1.9&amp;apos;, os.name: &amp;apos;Windows 10&amp;apos;, os.arch: &amp;apos;amd64&amp;apos;, os.version: &amp;apos;10.0&amp;apos;, java.version: &amp;apos;19.0.1&amp;apos;
Driver info: org.openqa.selenium.chrome.ChromeDriver
Capabilities {acceptInsecureCerts: false, browserName: chrome, browserVersion: 120.0.6099.130, chrome: {chromedriverVersion: 120.0.6099.109 (3419140ab66..., userDataDir: C:\Users\Rahul\AppData\Loca...}, fedcm:accounts: true, goog:chromeOptions: {debuggerAddress: localhost:61315}, javascriptEnabled: true, networkConnectionEnabled: false, pageLoadStrategy: normal, platform: WINDOWS, platformName: WINDOWS, proxy: Proxy(), setWindowRect: true, strictFileInteractability: false, timeouts: {implicit: 0, pageLoad: 300000, script: 30000}, unhandledPromptBehavior: dismiss and notify, webauthn:extension:credBlob: true, webauthn:extension:largeBlob: true, webauthn:extension:minPinLength: true, webauthn:extension:prf: true, webauthn:virtualAuthenticators: true}
Session ID: 60258caa380325c58f58ce6bdc22f86f
*** Element info: {Using=xpath, value=//button[@title=&amp;apos;Replay Pipeline&amp;apos;]}">
      <![CDATA[org.openqa.selenium.NoSuchElementException: no such element: Unable to locate element: {"method":"xpath","selector":"//button[@title='Replay Pipeline']"}
  (Session info: chrome=120.0.6099.130)
For documentation on this error, please visit: https://www.seleniumhq.org/exceptions/no_such_element.html
Build info: version: '3.141.59', revision: 'e82be7d358', time: '2018-11-14T08:17:03'
System info: host: 'DESKTOP-PTF1H2O', ip: '192.168.1.9', os.name: 'Windows 10', os.arch: 'amd64', os.version: '10.0', java.version: '19.0.1'
Driver info: org.openqa.selenium.chrome.ChromeDriver
Capabilities {acceptInsecureCerts: false, browserName: chrome, browserVersion: 120.0.6099.130, chrome: {chromedriverVersion: 120.0.6099.109 (3419140ab66..., userDataDir: C:\Users\Rahul\AppData\Loca...}, fedcm:accounts: true, goog:chromeOptions: {debuggerAddress: localhost:61315}, javascriptEnabled: true, networkConnectionEnabled: false, pageLoadStrategy: normal, platform: WINDOWS, platformName: WINDOWS, proxy: Proxy(), setWindowRect: true, strictFileInteractability: false, timeouts: {implicit: 0, pageLoad: 300000, script: 30000}, unhandledPromptBehavior: dismiss and notify, webauthn:extension:credBlob: true, webauthn:extension:largeBlob: true, webauthn:extension:minPinLength: true, webauthn:extension:prf: true, webauthn:virtualAuthenticators: true}
Session ID: 60258caa380325c58f58ce6bdc22f86f
*** Element info: {Using=xpath, value=//button[@title='Replay Pipeline']}
at org.openqa.selenium.remote.http.W3CHttpResponseCodec.createException(W3CHttpResponseCodec.java:187)
at org.openqa.selenium.remote.http.W3CHttpResponseCodec.decode(W3CHttpResponseCodec.java:122)
at org.openqa.selenium.remote.http.W3CHttpResponseCodec.decode(W3CHttpResponseCodec.java:49)
at org.openqa.selenium.remote.HttpCommandExecutor.execute(HttpCommandExecutor.java:158)
at org.openqa.selenium.remote.service.DriverCommandExecutor.execute(DriverCommandExecutor.java:83)
at org.openqa.selenium.remote.RemoteWebDriver.execute(RemoteWebDriver.java:552)
at org.openqa.selenium.remote.RemoteWebDriver.findElement(RemoteWebDriver.java:323)
at org.openqa.selenium.remote.RemoteWebDriver.findElementByXPath(RemoteWebDriver.java:428)
at org.openqa.selenium.By$ByXPath.findElement(By.java:353)
at org.openqa.selenium.remote.RemoteWebDriver.findElement(RemoteWebDriver.java:315)
at org.openqa.selenium.support.pagefactory.DefaultElementLocator.findElement(DefaultElementLocator.java:69)
at org.openqa.selenium.support.pagefactory.internal.LocatingElementHandler.invoke(LocatingElementHandler.java:38)
at jdk.proxy2/jdk.proxy2.$Proxy26.isDisplayed(Unknown Source)
at com.buildpiper.capabilities.UICapability.ui_IsElementDisplay(UICapability.java:188)
at com.buildpiper.base.Capability.ui_IsElementDisplay(Capability.java:265)
at com.buildpiper.pages.BuildPipeLinePage.buildAndValidateConsolePage(BuildPipeLinePage.java:112)
at com.buildpiper.testcases.BuildPiperTestcasesExecution.BuildPipeLine(BuildPiperTestcasesExecution.java:63)
at java.base/java.util.ArrayList.forEach(ArrayList.java:1511)
... Removed 28 stack frames]]>
    </failure>
  </testcase> <!-- BuildPipeLine -->
  <testcase classname="com.buildpiper.testcases.BuildPiperTestcasesExecution" name="managePopupTest" time="66.0"/>
  <testcase classname="com.buildpiper.testcases.BuildPiperTestcasesExecution" name="CreateBasicPipeLine" time="90.347"/>
  <testcase classname="com.buildpiper.testcases.BuildPiperTestcasesExecution" name="CreateJiraPipeLine" time="38.973"/>
  <testcase classname="com.buildpiper.testcases.RepoIntegrationTestCases" name="AddRepo" time="36.324">
    <failure type="org.openqa.selenium.NoSuchElementException" message="no such element: Unable to locate element: {&amp;quot;method&amp;quot;:&amp;quot;xpath&amp;quot;,&amp;quot;selector&amp;quot;:&amp;quot;//div[@class=&amp;apos;input-component&amp;apos;]//*[@name=&amp;apos;remarks&amp;apos; and @placeholder=&amp;apos;Please enter the reason to delete&amp;apos;]&amp;quot;}
  (Session info: chrome=120.0.6099.130)
For documentation on this error, please visit: https://www.seleniumhq.org/exceptions/no_such_element.html
Build info: version: &amp;apos;3.141.59&amp;apos;, revision: &amp;apos;e82be7d358&amp;apos;, time: &amp;apos;2018-11-14T08:17:03&amp;apos;
System info: host: &amp;apos;DESKTOP-PTF1H2O&amp;apos;, ip: &amp;apos;192.168.1.9&amp;apos;, os.name: &amp;apos;Windows 10&amp;apos;, os.arch: &amp;apos;amd64&amp;apos;, os.version: &amp;apos;10.0&amp;apos;, java.version: &amp;apos;19.0.1&amp;apos;
Driver info: org.openqa.selenium.chrome.ChromeDriver
Capabilities {acceptInsecureCerts: false, browserName: chrome, browserVersion: 120.0.6099.130, chrome: {chromedriverVersion: 120.0.6099.109 (3419140ab66..., userDataDir: C:\Users\Rahul\AppData\Loca...}, fedcm:accounts: true, goog:chromeOptions: {debuggerAddress: localhost:61539}, javascriptEnabled: true, networkConnectionEnabled: false, pageLoadStrategy: normal, platform: WINDOWS, platformName: WINDOWS, proxy: Proxy(), setWindowRect: true, strictFileInteractability: false, timeouts: {implicit: 0, pageLoad: 300000, script: 30000}, unhandledPromptBehavior: dismiss and notify, webauthn:extension:credBlob: true, webauthn:extension:largeBlob: true, webauthn:extension:minPinLength: true, webauthn:extension:prf: true, webauthn:virtualAuthenticators: true}
Session ID: 5fd7423d3eeb4f4f7ab648b2ccb87601
*** Element info: {Using=xpath, value=//div[@class=&amp;apos;input-component&amp;apos;]//*[@name=&amp;apos;remarks&amp;apos; and @placeholder=&amp;apos;Please enter the reason to delete&amp;apos;]}">
      <![CDATA[org.openqa.selenium.NoSuchElementException: no such element: Unable to locate element: {"method":"xpath","selector":"//div[@class='input-component']//*[@name='remarks' and @placeholder='Please enter the reason to delete']"}
  (Session info: chrome=120.0.6099.130)
For documentation on this error, please visit: https://www.seleniumhq.org/exceptions/no_such_element.html
Build info: version: '3.141.59', revision: 'e82be7d358', time: '2018-11-14T08:17:03'
System info: host: 'DESKTOP-PTF1H2O', ip: '192.168.1.9', os.name: 'Windows 10', os.arch: 'amd64', os.version: '10.0', java.version: '19.0.1'
Driver info: org.openqa.selenium.chrome.ChromeDriver
Capabilities {acceptInsecureCerts: false, browserName: chrome, browserVersion: 120.0.6099.130, chrome: {chromedriverVersion: 120.0.6099.109 (3419140ab66..., userDataDir: C:\Users\Rahul\AppData\Loca...}, fedcm:accounts: true, goog:chromeOptions: {debuggerAddress: localhost:61539}, javascriptEnabled: true, networkConnectionEnabled: false, pageLoadStrategy: normal, platform: WINDOWS, platformName: WINDOWS, proxy: Proxy(), setWindowRect: true, strictFileInteractability: false, timeouts: {implicit: 0, pageLoad: 300000, script: 30000}, unhandledPromptBehavior: dismiss and notify, webauthn:extension:credBlob: true, webauthn:extension:largeBlob: true, webauthn:extension:minPinLength: true, webauthn:extension:prf: true, webauthn:virtualAuthenticators: true}
Session ID: 5fd7423d3eeb4f4f7ab648b2ccb87601
*** Element info: {Using=xpath, value=//div[@class='input-component']//*[@name='remarks' and @placeholder='Please enter the reason to delete']}
at org.openqa.selenium.remote.http.W3CHttpResponseCodec.createException(W3CHttpResponseCodec.java:187)
at org.openqa.selenium.remote.http.W3CHttpResponseCodec.decode(W3CHttpResponseCodec.java:122)
at org.openqa.selenium.remote.http.W3CHttpResponseCodec.decode(W3CHttpResponseCodec.java:49)
at org.openqa.selenium.remote.HttpCommandExecutor.execute(HttpCommandExecutor.java:158)
at org.openqa.selenium.remote.service.DriverCommandExecutor.execute(DriverCommandExecutor.java:83)
at org.openqa.selenium.remote.RemoteWebDriver.execute(RemoteWebDriver.java:552)
at org.openqa.selenium.remote.RemoteWebDriver.findElement(RemoteWebDriver.java:323)
at org.openqa.selenium.remote.RemoteWebDriver.findElementByXPath(RemoteWebDriver.java:428)
at org.openqa.selenium.By$ByXPath.findElement(By.java:353)
at org.openqa.selenium.remote.RemoteWebDriver.findElement(RemoteWebDriver.java:315)
at org.openqa.selenium.support.pagefactory.DefaultElementLocator.findElement(DefaultElementLocator.java:69)
at org.openqa.selenium.support.pagefactory.internal.LocatingElementHandler.invoke(LocatingElementHandler.java:38)
at jdk.proxy2/jdk.proxy2.$Proxy26.isDisplayed(Unknown Source)
at com.buildpiper.capabilities.UICapability.ui_IsElementDisplay(UICapability.java:188)
at com.buildpiper.base.Capability.ui_IsElementDisplay(Capability.java:265)
at com.buildpiper.pages.RepoIntegrationPage.AddRepoOption1(RepoIntegrationPage.java:104)
at com.buildpiper.testcases.RepoIntegrationTestCases.AddRepo(RepoIntegrationTestCases.java:42)
at java.base/java.util.ArrayList.forEach(ArrayList.java:1511)
... Removed 28 stack frames]]>
    </failure>
  </testcase> <!-- AddRepo -->
  <testcase classname="com.buildpiper.testcases.RepoIntegrationTestCases" name="AddSecretsOnAddRepoPage" time="9.304"/>
  <testcase classname="com.buildpiper.testcases.JobExecutionActivityTestcases" name="ActivityFilterby_Status" time="161.915"/>
  <testcase classname="com.buildpiper.testcases.JobExecutionActivityTestcases" name="PaginationCheck" time="32.381"/>
  <testcase classname="com.buildpiper.testcases.BuildPiperTestcasesExecution" name="CreateBasicPipeLineNegative1" time="0.0">
    <ignored/>
  </testcase> <!-- CreateBasicPipeLineNegative1 -->
  <testcase classname="com.buildpiper.base.TestBase" name="@BeforeSuite setUp" time="0.0">
    <ignored/>
  </testcase> <!-- @BeforeSuite setUp -->
  <testcase classname="com.buildpiper.base.TestBase" name="@BeforeSuite setUp" time="0.0">
    <ignored/>
  </testcase> <!-- @BeforeSuite setUp -->
  <testcase classname="com.buildpiper.base.TestBase" name="@BeforeSuite setUp" time="0.0">
    <ignored/>
  </testcase> <!-- @BeforeSuite setUp -->
  <testcase classname="com.buildpiper.base.TestBase" name="@BeforeSuite setUp" time="0.0">
    <ignored/>
  </testcase> <!-- @BeforeSuite setUp -->
  <testcase classname="com.buildpiper.base.TestBase" name="@BeforeSuite setUp" time="0.0">
    <ignored/>
  </testcase> <!-- @BeforeSuite setUp -->
  <testcase classname="com.buildpiper.testcases.BuildPiperTestcasesExecution" name="CreateBasicPipeLineNegative2" time="0.0">
    <ignored/>
  </testcase> <!-- CreateBasicPipeLineNegative2 -->
  <testcase classname="com.buildpiper.testcases.JobExecutionActivityTestcases" name="ActivityFilterby_App" time="0.0">
    <ignored/>
  </testcase> <!-- ActivityFilterby_App -->
  <testcase classname="com.buildpiper.testcases.EnvironmentTestcasesExecution" name="DowntimeEnvNegativeTest2" time="0.0">
    <ignored/>
  </testcase> <!-- DowntimeEnvNegativeTest2 -->
  <testcase classname="com.buildpiper.testcases.ServiceCreationTestcases" name="CreateSesrviceNegativeTest1" time="0.0">
    <ignored/>
  </testcase> <!-- CreateSesrviceNegativeTest1 -->
  <testcase classname="com.buildpiper.testcases.ServiceCreationTestcases" name="createHelmService" time="0.0">
    <ignored/>
  </testcase> <!-- createHelmService -->
  <testcase classname="com.buildpiper.testcases.EnvironmentTestcasesExecution" name="CreateEnvironemntsWithVersioning" time="0.0">
    <ignored/>
  </testcase> <!-- CreateEnvironemntsWithVersioning -->
  <testcase classname="com.buildpiper.testcases.ServiceCreationComprehensiveTestCases" name="serviceOverview_Monitoring" time="0.0">
    <ignored/>
  </testcase> <!-- serviceOverview_Monitoring -->
  <testcase classname="com.buildpiper.testcases.EnvironmentTestcasesExecution" name="DowntimeScaleUp" time="0.0">
    <ignored/>
  </testcase> <!-- DowntimeScaleUp -->
  <testcase classname="com.buildpiper.testcases.JobExecutionActivityTestcases" name="ActivityFilterby_Users" time="0.0">
    <ignored/>
  </testcase> <!-- ActivityFilterby_Users -->
  <testcase classname="com.buildpiper.testcases.BuildPiperTestcasesExecution" name="buildPipelineandValidate" time="0.0">
    <ignored/>
  </testcase> <!-- buildPipelineandValidate -->
  <testcase classname="com.buildpiper.testcases.ServiceCreationTestcases" name="createHPAService" time="0.0">
    <ignored/>
  </testcase> <!-- createHPAService -->
  <testcase classname="com.buildpiper.testcases.ServiceCreationTestcases" name="CreateBuildXService" time="0.0">
    <ignored/>
  </testcase> <!-- CreateBuildXService -->
  <testcase classname="com.buildpiper.testcases.ServiceCreationComprehensiveTestCases" name="serviceOverview_TriggerBuildAndDeploy_Cache" time="0.0">
    <ignored/>
  </testcase> <!-- serviceOverview_TriggerBuildAndDeploy_Cache -->
  <testcase classname="com.buildpiper.testcases.EnvironmentTestcasesExecution" name="ConfigureSecrets" time="0.0">
    <ignored/>
  </testcase> <!-- ConfigureSecrets -->
  <testcase classname="com.buildpiper.testcases.ServiceCreationComprehensiveTestCases" name="serviceOverview_TriggerBuild_NoCache" time="0.0">
    <ignored/>
  </testcase> <!-- serviceOverview_TriggerBuild_NoCache -->
  <testcase classname="com.buildpiper.testcases.BuildPiperTestcasesExecution" name="createSchedulePipeline" time="0.0">
    <ignored/>
  </testcase> <!-- createSchedulePipeline -->
  <testcase classname="com.buildpiper.testcases.ServiceCreationComprehensiveTestCases" name="serviceOverview_History" time="0.0">
    <ignored/>
  </testcase> <!-- serviceOverview_History -->
  <testcase classname="com.buildpiper.testcases.ServiceCreationComprehensiveTestCases" name="serviceOverview_Deploy" time="0.0">
    <ignored/>
  </testcase> <!-- serviceOverview_Deploy -->
  <testcase classname="com.buildpiper.testcases.JobExecutionActivityTestcases" name="VerifyResetandClearSelection" time="0.0">
    <ignored/>
  </testcase> <!-- VerifyResetandClearSelection -->
  <testcase classname="com.buildpiper.testcases.JobExecutionActivityTestcases" name="ActivityFilterby_Environment" time="0.0">
    <ignored/>
  </testcase> <!-- ActivityFilterby_Environment -->
  <testcase classname="com.buildpiper.testcases.EnvironmentTestcasesExecution" name="CreateEnvironmentNegativeTest1" time="0.0">
    <ignored/>
  </testcase> <!-- CreateEnvironmentNegativeTest1 -->
  <testcase classname="com.buildpiper.testcases.BuildPiperTestcasesExecution" name="createSCMPollPipeline" time="0.0">
    <ignored/>
  </testcase> <!-- createSCMPollPipeline -->
  <testcase classname="com.buildpiper.testcases.ServiceCreationComprehensiveTestCases" name="serviceOverview_TriggerBuild_Cache" time="0.0">
    <ignored/>
  </testcase> <!-- serviceOverview_TriggerBuild_Cache -->
  <testcase classname="com.buildpiper.testcases.EnvironmentTestcasesExecution" name="DowntimeEnvNegativeTest1" time="0.0">
    <ignored/>
  </testcase> <!-- DowntimeEnvNegativeTest1 -->
  <testcase classname="com.buildpiper.base.TestBase" name="@AfterTest tearDown" time="0.0">
    <ignored/>
  </testcase> <!-- @AfterTest tearDown -->
  <testcase classname="com.buildpiper.base.TestBase" name="@AfterTest tearDown" time="0.0">
    <ignored/>
  </testcase> <!-- @AfterTest tearDown -->
  <testcase classname="com.buildpiper.base.TestBase" name="@AfterTest tearDown" time="0.0">
    <ignored/>
  </testcase> <!-- @AfterTest tearDown -->
  <testcase classname="com.buildpiper.base.TestBase" name="@AfterTest tearDown" time="0.0">
    <ignored/>
  </testcase> <!-- @AfterTest tearDown -->
  <testcase classname="com.buildpiper.base.TestBase" name="@AfterTest tearDown" time="0.0">
    <ignored/>
  </testcase> <!-- @AfterTest tearDown -->
  <testcase classname="com.buildpiper.base.TestBase" name="@BeforeTest Reportsetup" time="0.0">
    <ignored/>
  </testcase> <!-- @BeforeTest Reportsetup -->
  <testcase classname="com.buildpiper.base.TestBase" name="@BeforeTest Reportsetup" time="0.0">
    <ignored/>
  </testcase> <!-- @BeforeTest Reportsetup -->
  <testcase classname="com.buildpiper.base.TestBase" name="@BeforeTest Reportsetup" time="0.0">
    <ignored/>
  </testcase> <!-- @BeforeTest Reportsetup -->
  <testcase classname="com.buildpiper.base.TestBase" name="@BeforeTest Reportsetup" time="0.0">
    <ignored/>
  </testcase> <!-- @BeforeTest Reportsetup -->
  <testcase classname="com.buildpiper.base.TestBase" name="@BeforeTest Reportsetup" time="0.0">
    <ignored/>
  </testcase> <!-- @BeforeTest Reportsetup -->
  <testcase classname="com.buildpiper.testcases.JobExecutionActivityTestcases" name="VerifyServiceLink" time="0.0">
    <ignored/>
  </testcase> <!-- VerifyServiceLink -->
  <testcase classname="com.buildpiper.testcases.ServiceCreationTestcases" name="EditAndDeployHPA" time="0.0">
    <ignored/>
  </testcase> <!-- EditAndDeployHPA -->
  <testcase classname="com.buildpiper.testcases.EnvironmentTestcasesExecution" name="DowntimeScaleDown" time="0.0">
    <ignored/>
  </testcase> <!-- DowntimeScaleDown -->
  <testcase classname="com.buildpiper.testcases.EnvironmentTestcasesExecution" name="ConfigureEnvironment" time="0.0">
    <ignored/>
  </testcase> <!-- ConfigureEnvironment -->
</testsuite> <!-- RegressionSuite -->
